[1.252s] Invoking command in '/home/kazuma/ros2_ws2/src/ekf_lzp': PYTHONPATH=/home/kazuma/ros2_ws2/build/ekf_lzp/prefix_override:/home/kazuma/ros2_ws2/install/ekf_lzp/lib/python3.10/site-packages:${PYTHONPATH} /usr/bin/python3 setup.py egg_info --egg-base ../../build/ekf_lzp build --build-base /home/kazuma/ros2_ws2/build/ekf_lzp/build install --record /home/kazuma/ros2_ws2/build/ekf_lzp/install.log --single-version-externally-managed
[1.640s] running egg_info
[1.654s] writing ../../build/ekf_lzp/ekf_lzp.egg-info/PKG-INFO
[1.654s] writing dependency_links to ../../build/ekf_lzp/ekf_lzp.egg-info/dependency_links.txt
[1.654s] writing entry points to ../../build/ekf_lzp/ekf_lzp.egg-info/entry_points.txt
[1.655s] writing requirements to ../../build/ekf_lzp/ekf_lzp.egg-info/requires.txt
[1.655s] writing top-level names to ../../build/ekf_lzp/ekf_lzp.egg-info/top_level.txt
[1.686s] reading manifest file '../../build/ekf_lzp/ekf_lzp.egg-info/SOURCES.txt'
[1.687s] writing manifest file '../../build/ekf_lzp/ekf_lzp.egg-info/SOURCES.txt'
[1.687s] running build
[1.687s] running build_py
[1.687s] copying ekf_lzp/ekf_node/ekf_node.py -> /home/kazuma/ros2_ws2/build/ekf_lzp/build/lib/ekf_lzp/ekf_node
[1.688s] running install
[1.688s] /home/kazuma/.local/lib/python3.10/site-packages/setuptools/command/install.py:34: SetuptoolsDeprecationWarning: setup.py install is deprecated. Use build and pip and other standards-based tools.
[1.688s]   warnings.warn(
[1.700s] running install_lib
[1.724s] copying /home/kazuma/ros2_ws2/build/ekf_lzp/build/lib/ekf_lzp/ekf_node/ekf_node.py -> /home/kazuma/ros2_ws2/install/ekf_lzp/lib/python3.10/site-packages/ekf_lzp/ekf_node
[1.725s] byte-compiling /home/kazuma/ros2_ws2/install/ekf_lzp/lib/python3.10/site-packages/ekf_lzp/ekf_node/ekf_node.py to ekf_node.cpython-310.pyc
[1.727s] running install_data
[1.743s] running install_egg_info
[1.757s] removing '/home/kazuma/ros2_ws2/install/ekf_lzp/lib/python3.10/site-packages/ekf_lzp-0.0.0-py3.10.egg-info' (and everything under it)
[1.757s] Copying ../../build/ekf_lzp/ekf_lzp.egg-info to /home/kazuma/ros2_ws2/install/ekf_lzp/lib/python3.10/site-packages/ekf_lzp-0.0.0-py3.10.egg-info
[1.758s] running install_scripts
[1.816s] Installing ekf_main script to /home/kazuma/ros2_ws2/install/ekf_lzp/lib/ekf_lzp
[1.817s] writing list of installed files to '/home/kazuma/ros2_ws2/build/ekf_lzp/install.log'
[1.873s] Invoked command in '/home/kazuma/ros2_ws2/src/ekf_lzp' returned '0': PYTHONPATH=/home/kazuma/ros2_ws2/build/ekf_lzp/prefix_override:/home/kazuma/ros2_ws2/install/ekf_lzp/lib/python3.10/site-packages:${PYTHONPATH} /usr/bin/python3 setup.py egg_info --egg-base ../../build/ekf_lzp build --build-base /home/kazuma/ros2_ws2/build/ekf_lzp/build install --record /home/kazuma/ros2_ws2/build/ekf_lzp/install.log --single-version-externally-managed
