[0.378s] DEBUG:colcon:Command line arguments: ['/usr/bin/colcon', 'build', '--symlink-install', '--packages-select', 'local']
[0.378s] DEBUG:colcon:Parsed command line arguments: Namespace(log_base=None, log_level=None, verb_name='build', build_base='build', install_base='install', merge_install=False, symlink_install=True, test_result_base=None, continue_on_error=False, executor='parallel', parallel_workers=8, event_handlers=None, ignore_user_meta=False, metas=['./colcon.meta'], base_paths=['.'], packages_ignore=None, packages_ignore_regex=None, paths=None, packages_up_to=None, packages_up_to_regex=None, packages_above=None, packages_above_and_dependencies=None, packages_above_depth=None, packages_select_by_dep=None, packages_skip_by_dep=None, packages_skip_up_to=None, packages_select_build_failed=False, packages_skip_build_finished=False, packages_select_test_failures=False, packages_skip_test_passed=False, packages_select=['local'], packages_skip=None, packages_select_regex=None, packages_skip_regex=None, packages_start=None, packages_end=None, allow_overriding=[], cmake_args=None, cmake_target=None, cmake_target_skip_unavailable=False, cmake_clean_cache=False, cmake_clean_first=False, cmake_force_configure=False, ament_cmake_args=None, catkin_cmake_args=None, catkin_skip_building_tests=False, verb_parser=<colcon_defaults.argument_parser.defaults.DefaultArgumentsDecorator object at 0x7f7214cad0f0>, verb_extension=<colcon_core.verb.build.BuildVerb object at 0x7f721565f550>, main=<bound method BuildVerb.main of <colcon_core.verb.build.BuildVerb object at 0x7f721565f550>>)
[0.431s] Level 1:colcon.colcon_core.package_discovery:discover_packages(colcon_meta) check parameters
[0.432s] Level 1:colcon.colcon_core.package_discovery:discover_packages(recursive) check parameters
[0.432s] Level 1:colcon.colcon_core.package_discovery:discover_packages(ignore) check parameters
[0.432s] Level 1:colcon.colcon_core.package_discovery:discover_packages(path) check parameters
[0.432s] Level 1:colcon.colcon_core.package_discovery:discover_packages(colcon_meta) discover
[0.432s] Level 1:colcon.colcon_core.package_discovery:discover_packages(recursive) discover
[0.432s] INFO:colcon.colcon_core.package_discovery:Crawling recursively for packages in '/home/kazuma/ros2_ws2'
[0.432s] Level 1:colcon.colcon_core.package_identification:_identify(.) by extensions ['ignore', 'ignore_ament_install']
[0.432s] Level 1:colcon.colcon_core.package_identification:_identify(.) by extension 'ignore'
[0.432s] Level 1:colcon.colcon_core.package_identification:_identify(.) by extension 'ignore_ament_install'
[0.432s] Level 1:colcon.colcon_core.package_identification:_identify(.) by extensions ['colcon_pkg']
[0.433s] Level 1:colcon.colcon_core.package_identification:_identify(.) by extension 'colcon_pkg'
[0.433s] Level 1:colcon.colcon_core.package_identification:_identify(.) by extensions ['colcon_meta']
[0.433s] Level 1:colcon.colcon_core.package_identification:_identify(.) by extension 'colcon_meta'
[0.433s] Level 1:colcon.colcon_core.package_identification:_identify(.) by extensions ['ros']
[0.433s] Level 1:colcon.colcon_core.package_identification:_identify(.) by extension 'ros'
[0.447s] Level 1:colcon.colcon_core.package_identification:_identify(.) by extensions ['cmake', 'python']
[0.447s] Level 1:colcon.colcon_core.package_identification:_identify(.) by extension 'cmake'
[0.447s] Level 1:colcon.colcon_core.package_identification:_identify(.) by extension 'python'
[0.447s] Level 1:colcon.colcon_core.package_identification:_identify(.) by extensions ['python_setup_py']
[0.447s] Level 1:colcon.colcon_core.package_identification:_identify(.) by extension 'python_setup_py'
[0.447s] Level 1:colcon.colcon_core.package_identification:_identify(build) by extensions ['ignore', 'ignore_ament_install']
[0.447s] Level 1:colcon.colcon_core.package_identification:_identify(build) by extension 'ignore'
[0.447s] Level 1:colcon.colcon_core.package_identification:_identify(build) ignored
[0.447s] Level 1:colcon.colcon_core.package_identification:_identify(install) by extensions ['ignore', 'ignore_ament_install']
[0.447s] Level 1:colcon.colcon_core.package_identification:_identify(install) by extension 'ignore'
[0.448s] Level 1:colcon.colcon_core.package_identification:_identify(install) ignored
[0.448s] Level 1:colcon.colcon_core.package_identification:_identify(log) by extensions ['ignore', 'ignore_ament_install']
[0.448s] Level 1:colcon.colcon_core.package_identification:_identify(log) by extension 'ignore'
[0.448s] Level 1:colcon.colcon_core.package_identification:_identify(log) ignored
[0.448s] Level 1:colcon.colcon_core.package_identification:_identify(src) by extensions ['ignore', 'ignore_ament_install']
[0.448s] Level 1:colcon.colcon_core.package_identification:_identify(src) by extension 'ignore'
[0.448s] Level 1:colcon.colcon_core.package_identification:_identify(src) by extension 'ignore_ament_install'
[0.448s] Level 1:colcon.colcon_core.package_identification:_identify(src) by extensions ['colcon_pkg']
[0.448s] Level 1:colcon.colcon_core.package_identification:_identify(src) by extension 'colcon_pkg'
[0.448s] Level 1:colcon.colcon_core.package_identification:_identify(src) by extensions ['colcon_meta']
[0.448s] Level 1:colcon.colcon_core.package_identification:_identify(src) by extension 'colcon_meta'
[0.448s] Level 1:colcon.colcon_core.package_identification:_identify(src) by extensions ['ros']
[0.448s] Level 1:colcon.colcon_core.package_identification:_identify(src) by extension 'ros'
[0.449s] Level 1:colcon.colcon_core.package_identification:_identify(src) by extensions ['cmake', 'python']
[0.449s] Level 1:colcon.colcon_core.package_identification:_identify(src) by extension 'cmake'
[0.449s] Level 1:colcon.colcon_core.package_identification:_identify(src) by extension 'python'
[0.449s] Level 1:colcon.colcon_core.package_identification:_identify(src) by extensions ['python_setup_py']
[0.449s] Level 1:colcon.colcon_core.package_identification:_identify(src) by extension 'python_setup_py'
[0.449s] Level 1:colcon.colcon_core.package_identification:_identify(src/hello) by extensions ['ignore', 'ignore_ament_install']
[0.449s] Level 1:colcon.colcon_core.package_identification:_identify(src/hello) by extension 'ignore'
[0.449s] Level 1:colcon.colcon_core.package_identification:_identify(src/hello) by extension 'ignore_ament_install'
[0.449s] Level 1:colcon.colcon_core.package_identification:_identify(src/hello) by extensions ['colcon_pkg']
[0.449s] Level 1:colcon.colcon_core.package_identification:_identify(src/hello) by extension 'colcon_pkg'
[0.449s] Level 1:colcon.colcon_core.package_identification:_identify(src/hello) by extensions ['colcon_meta']
[0.449s] Level 1:colcon.colcon_core.package_identification:_identify(src/hello) by extension 'colcon_meta'
[0.449s] Level 1:colcon.colcon_core.package_identification:_identify(src/hello) by extensions ['ros']
[0.450s] Level 1:colcon.colcon_core.package_identification:_identify(src/hello) by extension 'ros'
[0.453s] DEBUG:colcon.colcon_core.package_identification:Package 'src/hello' with type 'ros.ament_python' and name 'hello'
[0.453s] Level 1:colcon.colcon_core.package_identification:_identify(src/hello2) by extensions ['ignore', 'ignore_ament_install']
[0.453s] Level 1:colcon.colcon_core.package_identification:_identify(src/hello2) by extension 'ignore'
[0.453s] Level 1:colcon.colcon_core.package_identification:_identify(src/hello2) by extension 'ignore_ament_install'
[0.453s] Level 1:colcon.colcon_core.package_identification:_identify(src/hello2) by extensions ['colcon_pkg']
[0.453s] Level 1:colcon.colcon_core.package_identification:_identify(src/hello2) by extension 'colcon_pkg'
[0.453s] Level 1:colcon.colcon_core.package_identification:_identify(src/hello2) by extensions ['colcon_meta']
[0.454s] Level 1:colcon.colcon_core.package_identification:_identify(src/hello2) by extension 'colcon_meta'
[0.454s] Level 1:colcon.colcon_core.package_identification:_identify(src/hello2) by extensions ['ros']
[0.454s] Level 1:colcon.colcon_core.package_identification:_identify(src/hello2) by extension 'ros'
[0.455s] DEBUG:colcon.colcon_core.package_identification:Package 'src/hello2' with type 'ros.ament_python' and name 'hello2'
[0.455s] Level 1:colcon.colcon_core.package_identification:_identify(src/local) by extensions ['ignore', 'ignore_ament_install']
[0.455s] Level 1:colcon.colcon_core.package_identification:_identify(src/local) by extension 'ignore'
[0.455s] Level 1:colcon.colcon_core.package_identification:_identify(src/local) by extension 'ignore_ament_install'
[0.455s] Level 1:colcon.colcon_core.package_identification:_identify(src/local) by extensions ['colcon_pkg']
[0.455s] Level 1:colcon.colcon_core.package_identification:_identify(src/local) by extension 'colcon_pkg'
[0.455s] Level 1:colcon.colcon_core.package_identification:_identify(src/local) by extensions ['colcon_meta']
[0.455s] Level 1:colcon.colcon_core.package_identification:_identify(src/local) by extension 'colcon_meta'
[0.455s] Level 1:colcon.colcon_core.package_identification:_identify(src/local) by extensions ['ros']
[0.455s] Level 1:colcon.colcon_core.package_identification:_identify(src/local) by extension 'ros'
[0.456s] DEBUG:colcon.colcon_core.package_identification:Package 'src/local' with type 'ros.ament_cmake' and name 'local'
[0.456s] Level 1:colcon.colcon_core.package_discovery:discover_packages(recursive) using defaults
[0.456s] Level 1:colcon.colcon_core.package_discovery:discover_packages(ignore) discover
[0.456s] Level 1:colcon.colcon_core.package_discovery:discover_packages(ignore) using defaults
[0.456s] Level 1:colcon.colcon_core.package_discovery:discover_packages(path) discover
[0.456s] Level 1:colcon.colcon_core.package_discovery:discover_packages(path) using defaults
[0.481s] INFO:colcon.colcon_core.package_selection:Skipping not selected package 'hello' in 'src/hello'
[0.481s] INFO:colcon.colcon_core.package_selection:Skipping not selected package 'hello2' in 'src/hello2'
[0.482s] Level 1:colcon.colcon_core.package_discovery:discover_packages(prefix_path) check parameters
[0.482s] Level 1:colcon.colcon_core.package_discovery:discover_packages(prefix_path) discover
[0.483s] WARNING:colcon.colcon_core.prefix_path.colcon:The path '/home/kazuma/ros2_ws3/install' in the environment variable COLCON_PREFIX_PATH doesn't exist
[0.483s] WARNING:colcon.colcon_ros.prefix_path.ament:The path '/home/kazuma/ros2_ws3/install/hello' in the environment variable AMENT_PREFIX_PATH doesn't exist
[0.485s] DEBUG:colcon.colcon_installed_package_information.package_discovery:Found 4 installed packages in /home/kazuma/ros2_ws2/install
[0.488s] DEBUG:colcon.colcon_installed_package_information.package_discovery:Found 273 installed packages in /opt/ros/humble
[0.489s] Level 1:colcon.colcon_core.package_discovery:discover_packages(prefix_path) using defaults
[0.550s] Level 5:colcon.colcon_core.verb:set package 'local' build argument 'cmake_args' from command line to 'None'
[0.550s] Level 5:colcon.colcon_core.verb:set package 'local' build argument 'cmake_target' from command line to 'None'
[0.550s] Level 5:colcon.colcon_core.verb:set package 'local' build argument 'cmake_target_skip_unavailable' from command line to 'False'
[0.550s] Level 5:colcon.colcon_core.verb:set package 'local' build argument 'cmake_clean_cache' from command line to 'False'
[0.550s] Level 5:colcon.colcon_core.verb:set package 'local' build argument 'cmake_clean_first' from command line to 'False'
[0.551s] Level 5:colcon.colcon_core.verb:set package 'local' build argument 'cmake_force_configure' from command line to 'False'
[0.551s] Level 5:colcon.colcon_core.verb:set package 'local' build argument 'ament_cmake_args' from command line to 'None'
[0.551s] Level 5:colcon.colcon_core.verb:set package 'local' build argument 'catkin_cmake_args' from command line to 'None'
[0.551s] Level 5:colcon.colcon_core.verb:set package 'local' build argument 'catkin_skip_building_tests' from command line to 'False'
[0.551s] DEBUG:colcon.colcon_core.verb:Building package 'local' with the following arguments: {'ament_cmake_args': None, 'build_base': '/home/kazuma/ros2_ws2/build/local', 'catkin_cmake_args': None, 'catkin_skip_building_tests': False, 'cmake_args': None, 'cmake_clean_cache': False, 'cmake_clean_first': False, 'cmake_force_configure': False, 'cmake_target': None, 'cmake_target_skip_unavailable': False, 'install_base': '/home/kazuma/ros2_ws2/install/local', 'merge_install': False, 'path': '/home/kazuma/ros2_ws2/src/local', 'symlink_install': True, 'test_result_base': None}
[0.553s] INFO:colcon.colcon_core.executor:Executing jobs using 'parallel' executor
[0.561s] DEBUG:colcon.colcon_parallel_executor.executor.parallel:run_until_complete
[0.561s] INFO:colcon.colcon_ros.task.ament_cmake.build:Building ROS package in '/home/kazuma/ros2_ws2/src/local' with build type 'ament_cmake'
[0.562s] INFO:colcon.colcon_cmake.task.cmake.build:Building CMake package in '/home/kazuma/ros2_ws2/src/local'
[0.568s] INFO:colcon.colcon_core.plugin_system:Skipping extension 'colcon_core.shell.bat': Not used on non-Windows systems
[0.568s] INFO:colcon.colcon_core.shell:Skip shell extension 'powershell' for command environment: Not usable outside of PowerShell
[0.568s] DEBUG:colcon.colcon_core.shell:Skip shell extension 'dsv' for command environment
[0.581s] DEBUG:colcon.colcon_core.event_handler.log_command:Invoking command in '/home/kazuma/ros2_ws2/build/local': CMAKE_PREFIX_PATH=${CMAKE_PREFIX_PATH}:/home/kazuma/ros2_ws3/install/hello:/home/kazuma/ros2_ws2/install/ros2_loc:/home/kazuma/ros2_ws2/install/hello:/opt/ros/humble /usr/bin/cmake --build /home/kazuma/ros2_ws2/build/local -- -j8 -l8
[0.848s] DEBUG:colcon.colcon_core.event_handler.log_command:Invoked command in '/home/kazuma/ros2_ws2/build/local' returned '0': CMAKE_PREFIX_PATH=${CMAKE_PREFIX_PATH}:/home/kazuma/ros2_ws3/install/hello:/home/kazuma/ros2_ws2/install/ros2_loc:/home/kazuma/ros2_ws2/install/hello:/opt/ros/humble /usr/bin/cmake --build /home/kazuma/ros2_ws2/build/local -- -j8 -l8
[0.879s] DEBUG:colcon.colcon_core.event_handler.log_command:Invoking command in '/home/kazuma/ros2_ws2/build/local': CMAKE_PREFIX_PATH=${CMAKE_PREFIX_PATH}:/home/kazuma/ros2_ws3/install/hello:/home/kazuma/ros2_ws2/install/ros2_loc:/home/kazuma/ros2_ws2/install/hello:/opt/ros/humble /usr/bin/cmake --install /home/kazuma/ros2_ws2/build/local
[0.889s] DEBUG:colcon.colcon_core.event_handler.log_command:Invoked command in '/home/kazuma/ros2_ws2/build/local' returned '1': CMAKE_PREFIX_PATH=${CMAKE_PREFIX_PATH}:/home/kazuma/ros2_ws3/install/hello:/home/kazuma/ros2_ws2/install/ros2_loc:/home/kazuma/ros2_ws2/install/hello:/opt/ros/humble /usr/bin/cmake --install /home/kazuma/ros2_ws2/build/local
[0.915s] Level 1:colcon.colcon_core.environment:create_environment_scripts_only(local)
[0.922s] Level 1:colcon.colcon_core.environment:checking '/home/kazuma/ros2_ws2/install/local' for CMake module files
[0.923s] Level 1:colcon.colcon_core.environment:checking '/home/kazuma/ros2_ws2/install/local' for CMake config files
[0.923s] Level 1:colcon.colcon_core.shell:create_environment_hook('local', 'cmake_prefix_path')
[0.926s] INFO:colcon.colcon_core.shell:Creating environment hook '/home/kazuma/ros2_ws2/install/local/share/local/hook/cmake_prefix_path.ps1'
[0.926s] INFO:colcon.colcon_core.shell:Creating environment descriptor '/home/kazuma/ros2_ws2/install/local/share/local/hook/cmake_prefix_path.dsv'
[0.927s] INFO:colcon.colcon_core.shell:Creating environment hook '/home/kazuma/ros2_ws2/install/local/share/local/hook/cmake_prefix_path.sh'
[0.927s] Level 1:colcon.colcon_core.environment:checking '/home/kazuma/ros2_ws2/install/local/bin'
[0.927s] Level 1:colcon.colcon_core.environment:checking '/home/kazuma/ros2_ws2/install/local/lib/pkgconfig/local.pc'
[0.928s] Level 1:colcon.colcon_core.environment:checking '/home/kazuma/ros2_ws2/install/local/lib/python3.10/site-packages'
[0.928s] Level 1:colcon.colcon_core.environment:checking '/home/kazuma/ros2_ws2/install/local/bin'
[0.931s] INFO:colcon.colcon_core.shell:Creating package script '/home/kazuma/ros2_ws2/install/local/share/local/package.ps1'
[0.932s] INFO:colcon.colcon_core.shell:Creating package descriptor '/home/kazuma/ros2_ws2/install/local/share/local/package.dsv'
[0.933s] INFO:colcon.colcon_core.shell:Creating package script '/home/kazuma/ros2_ws2/install/local/share/local/package.sh'
[0.934s] INFO:colcon.colcon_core.shell:Creating package script '/home/kazuma/ros2_ws2/install/local/share/local/package.bash'
[0.935s] INFO:colcon.colcon_core.shell:Creating package script '/home/kazuma/ros2_ws2/install/local/share/local/package.zsh'
[0.936s] Level 1:colcon.colcon_core.environment:create_file_with_runtime_dependencies(/home/kazuma/ros2_ws2/install/local/share/colcon-core/packages/local)
[0.947s] DEBUG:colcon.colcon_parallel_executor.executor.parallel:closing loop
[0.947s] DEBUG:colcon.colcon_parallel_executor.executor.parallel:loop closed
[0.948s] DEBUG:colcon.colcon_parallel_executor.executor.parallel:run_until_complete finished with '1'
[0.948s] DEBUG:colcon.colcon_core.event_reactor:joining thread
[0.958s] INFO:colcon.colcon_core.plugin_system:Skipping extension 'colcon_notification.desktop_notification.terminal_notifier': Not used on non-Darwin systems
[0.958s] INFO:colcon.colcon_core.plugin_system:Skipping extension 'colcon_notification.desktop_notification.win32': Not used on non-Windows systems
[0.958s] INFO:colcon.colcon_notification.desktop_notification:Sending desktop notification using 'notify2'
[0.969s] DEBUG:colcon.colcon_core.event_reactor:joined thread
[0.973s] INFO:colcon.colcon_core.shell:Creating prefix script '/home/kazuma/ros2_ws2/install/local_setup.ps1'
[0.974s] INFO:colcon.colcon_core.shell:Creating prefix util module '/home/kazuma/ros2_ws2/install/_local_setup_util_ps1.py'
[0.975s] INFO:colcon.colcon_core.shell:Creating prefix chain script '/home/kazuma/ros2_ws2/install/setup.ps1'
[0.977s] INFO:colcon.colcon_core.shell:Creating prefix script '/home/kazuma/ros2_ws2/install/local_setup.sh'
[0.977s] INFO:colcon.colcon_core.shell:Creating prefix util module '/home/kazuma/ros2_ws2/install/_local_setup_util_sh.py'
[0.978s] INFO:colcon.colcon_core.shell:Creating prefix chain script '/home/kazuma/ros2_ws2/install/setup.sh'
[0.979s] INFO:colcon.colcon_core.shell:Creating prefix script '/home/kazuma/ros2_ws2/install/local_setup.bash'
[0.980s] INFO:colcon.colcon_core.shell:Creating prefix chain script '/home/kazuma/ros2_ws2/install/setup.bash'
[0.981s] INFO:colcon.colcon_core.shell:Creating prefix script '/home/kazuma/ros2_ws2/install/local_setup.zsh'
[0.982s] INFO:colcon.colcon_core.shell:Creating prefix chain script '/home/kazuma/ros2_ws2/install/setup.zsh'
