-- Found ament_cmake: 1.3.2 (/opt/ros/humble/share/ament_cmake/cmake)
-- Override CMake install command with custom implementation using symlinks instead of copying resources
-- Found ament_lint_auto: 0.12.4 (/opt/ros/humble/share/ament_lint_auto/cmake)
-- Added test 'flake8' to check Python code syntax and style conventions
-- Added test 'lint_cmake' to check CMake code style
-- Added test 'pep257' to check Python code against some of the docstring style conventions in PEP 257
-- Added test 'xmllint' to check XML markup files
-- Configuring done
-- Generating done
-- Build files have been written to: /home/kazuma/ros2_ws2/build/local
-- Install configuration: ""
-- Execute custom install script
-- Up-to-date symlink: /home/kazuma/ros2_ws2/install/local/share/local/launch/rviz2.launch.py
-- Up-to-date symlink: /home/kazuma/ros2_ws2/install/local/share/local/urdf/first_robot.urdf
-- Up-to-date symlink: /home/kazuma/ros2_ws2/install/local/share/ament_index/resource_index/package_run_dependencies/local
-- Up-to-date symlink: /home/kazuma/ros2_ws2/install/local/share/ament_index/resource_index/parent_prefix_path/local
-- Up-to-date symlink: /home/kazuma/ros2_ws2/install/local/share/local/environment/ament_prefix_path.sh
-- Up-to-date symlink: /home/kazuma/ros2_ws2/install/local/share/local/environment/ament_prefix_path.dsv
-- Up-to-date symlink: /home/kazuma/ros2_ws2/install/local/share/local/environment/path.sh
-- Up-to-date symlink: /home/kazuma/ros2_ws2/install/local/share/local/environment/path.dsv
-- Up-to-date symlink: /home/kazuma/ros2_ws2/install/local/share/local/local_setup.bash
-- Up-to-date symlink: /home/kazuma/ros2_ws2/install/local/share/local/local_setup.sh
-- Up-to-date symlink: /home/kazuma/ros2_ws2/install/local/share/local/local_setup.zsh
-- Up-to-date symlink: /home/kazuma/ros2_ws2/install/local/share/local/local_setup.dsv
-- Symlinking: /home/kazuma/ros2_ws2/install/local/share/local/package.dsv
-- Up-to-date symlink: /home/kazuma/ros2_ws2/install/local/share/ament_index/resource_index/packages/local
-- Up-to-date symlink: /home/kazuma/ros2_ws2/install/local/share/local/cmake/localConfig.cmake
-- Up-to-date symlink: /home/kazuma/ros2_ws2/install/local/share/local/cmake/localConfig-version.cmake
-- Up-to-date symlink: /home/kazuma/ros2_ws2/install/local/share/local/package.xml
