[0.019s] Invoking command in '/home/kazuma/ros2_ws2/build/local': /usr/bin/cmake /home/kazuma/ros2_ws2/src/local -DCMAKE_INSTALL_PREFIX=/home/kazuma/ros2_ws2/install/local
[0.030s] -- Found ament_cmake: 1.3.2 (/opt/ros/humble/share/ament_cmake/cmake)
[0.170s] -- Override CMake install command with custom implementation using symlinks instead of copying resources
[0.177s] -- Found ament_lint_auto: 0.12.4 (/opt/ros/humble/share/ament_lint_auto/cmake)
[0.237s] Error parsing '/home/kazuma/ros2_ws2/src/local/package.xml':
[0.296s] Traceback (most recent call last):
[0.296s]   File "/opt/ros/humble/share/ament_cmake_core/cmake/core/package_xml_2_cmake.py", line 150, in <module>
[0.296s]     main()
[0.297s]   File "/opt/ros/humble/share/ament_cmake_core/cmake/core/package_xml_2_cmake.py", line 53, in main
[0.297s]     raise e
[0.297s]   File "/opt/ros/humble/share/ament_cmake_core/cmake/core/package_xml_2_cmake.py", line 49, in main
[0.297s]     package = parse_package_string(
[0.297s]   File "/usr/lib/python3/dist-packages/catkin_pkg/package.py", line 786, in parse_package_string
[0.297s]     raise InvalidPackage('Error(s):%s' % (''.join(['\n- %s' % e for e in errors])), filename)
[0.298s] catkin_pkg.package.InvalidPackage: Error(s) in package '/home/kazuma/ros2_ws2/src/local/package.xml':
[0.298s] Error(s):
[0.298s] - The manifest of package "local" (with format version 3) must not contain the following tags: exex_depend
[0.328s] [31mCMake Error at /opt/ros/humble/share/ament_cmake_core/cmake/core/ament_package_xml.cmake:95 (message):
[0.329s]   execute_process(/usr/bin/python3.10
[0.329s]   /opt/ros/humble/share/ament_cmake_core/cmake/core/package_xml_2_cmake.py
[0.329s]   /home/kazuma/ros2_ws2/src/local/package.xml
[0.329s]   /home/kazuma/ros2_ws2/build/local/ament_cmake_core/package.cmake) returned
[0.329s]   error code 1
[0.329s] Call Stack (most recent call first):
[0.330s]   /opt/ros/humble/share/ament_cmake_core/cmake/core/ament_package_xml.cmake:49 (_ament_package_xml)
[0.330s]   /opt/ros/humble/share/ament_lint_auto/cmake/ament_lint_auto_find_test_dependencies.cmake:31 (ament_package_xml)
[0.330s]   CMakeLists.txt:28 (ament_lint_auto_find_test_dependencies)
[0.330s] 
[0.330s] [0m
[0.330s] -- Configuring incomplete, errors occurred!
[0.330s] See also "/home/kazuma/ros2_ws2/build/local/CMakeFiles/CMakeOutput.log".
[0.332s] Invoked command in '/home/kazuma/ros2_ws2/build/local' returned '1': /usr/bin/cmake /home/kazuma/ros2_ws2/src/local -DCMAKE_INSTALL_PREFIX=/home/kazuma/ros2_ws2/install/local
