[2.004s] DEBUG:colcon:Command line arguments: ['/usr/bin/colcon', 'build', '--packages-select', 'ekf_lzp']
[2.005s] DEBUG:colcon:Parsed command line arguments: Namespace(log_base=None, log_level=None, verb_name='build', build_base='build', install_base='install', merge_install=False, symlink_install=False, test_result_base=None, continue_on_error=False, executor='parallel', parallel_workers=8, event_handlers=None, ignore_user_meta=False, metas=['./colcon.meta'], base_paths=['.'], packages_ignore=None, packages_ignore_regex=None, paths=None, packages_up_to=None, packages_up_to_regex=None, packages_above=None, packages_above_and_dependencies=None, packages_above_depth=None, packages_select_by_dep=None, packages_skip_by_dep=None, packages_skip_up_to=None, packages_select_build_failed=False, packages_skip_build_finished=False, packages_select_test_failures=False, packages_skip_test_passed=False, packages_select=['ekf_lzp'], packages_skip=None, packages_select_regex=None, packages_skip_regex=None, packages_start=None, packages_end=None, allow_overriding=[], cmake_args=None, cmake_target=None, cmake_target_skip_unavailable=False, cmake_clean_cache=False, cmake_clean_first=False, cmake_force_configure=False, ament_cmake_args=None, catkin_cmake_args=None, catkin_skip_building_tests=False, verb_parser=<colcon_defaults.argument_parser.defaults.DefaultArgumentsDecorator object at 0x7f5db81ae4a0>, verb_extension=<colcon_core.verb.build.BuildVerb object at 0x7f5db84aeec0>, main=<bound method BuildVerb.main of <colcon_core.verb.build.BuildVerb object at 0x7f5db84aeec0>>)
[2.313s] Level 1:colcon.colcon_core.package_discovery:discover_packages(colcon_meta) check parameters
[2.314s] Level 1:colcon.colcon_core.package_discovery:discover_packages(recursive) check parameters
[2.314s] Level 1:colcon.colcon_core.package_discovery:discover_packages(ignore) check parameters
[2.315s] Level 1:colcon.colcon_core.package_discovery:discover_packages(path) check parameters
[2.316s] Level 1:colcon.colcon_core.package_discovery:discover_packages(colcon_meta) discover
[2.317s] Level 1:colcon.colcon_core.package_discovery:discover_packages(recursive) discover
[2.318s] INFO:colcon.colcon_core.package_discovery:Crawling recursively for packages in '/home/kazuma/ros2_ws2'
[2.318s] Level 1:colcon.colcon_core.package_identification:_identify(.) by extensions ['ignore', 'ignore_ament_install']
[2.318s] Level 1:colcon.colcon_core.package_identification:_identify(.) by extension 'ignore'
[2.319s] Level 1:colcon.colcon_core.package_identification:_identify(.) by extension 'ignore_ament_install'
[2.319s] Level 1:colcon.colcon_core.package_identification:_identify(.) by extensions ['colcon_pkg']
[2.319s] Level 1:colcon.colcon_core.package_identification:_identify(.) by extension 'colcon_pkg'
[2.319s] Level 1:colcon.colcon_core.package_identification:_identify(.) by extensions ['colcon_meta']
[2.319s] Level 1:colcon.colcon_core.package_identification:_identify(.) by extension 'colcon_meta'
[2.320s] Level 1:colcon.colcon_core.package_identification:_identify(.) by extensions ['ros']
[2.320s] Level 1:colcon.colcon_core.package_identification:_identify(.) by extension 'ros'
[2.406s] Level 1:colcon.colcon_core.package_identification:_identify(.) by extensions ['cmake', 'python']
[2.406s] Level 1:colcon.colcon_core.package_identification:_identify(.) by extension 'cmake'
[2.407s] Level 1:colcon.colcon_core.package_identification:_identify(.) by extension 'python'
[2.407s] Level 1:colcon.colcon_core.package_identification:_identify(.) by extensions ['python_setup_py']
[2.407s] Level 1:colcon.colcon_core.package_identification:_identify(.) by extension 'python_setup_py'
[2.407s] Level 1:colcon.colcon_core.package_identification:_identify(build) by extensions ['ignore', 'ignore_ament_install']
[2.408s] Level 1:colcon.colcon_core.package_identification:_identify(build) by extension 'ignore'
[2.408s] Level 1:colcon.colcon_core.package_identification:_identify(build) ignored
[2.410s] Level 1:colcon.colcon_core.package_identification:_identify(install) by extensions ['ignore', 'ignore_ament_install']
[2.411s] Level 1:colcon.colcon_core.package_identification:_identify(install) by extension 'ignore'
[2.412s] Level 1:colcon.colcon_core.package_identification:_identify(install) ignored
[2.414s] Level 1:colcon.colcon_core.package_identification:_identify(log) by extensions ['ignore', 'ignore_ament_install']
[2.415s] Level 1:colcon.colcon_core.package_identification:_identify(log) by extension 'ignore'
[2.416s] Level 1:colcon.colcon_core.package_identification:_identify(log) ignored
[2.416s] Level 1:colcon.colcon_core.package_identification:_identify(src) by extensions ['ignore', 'ignore_ament_install']
[2.417s] Level 1:colcon.colcon_core.package_identification:_identify(src) by extension 'ignore'
[2.417s] Level 1:colcon.colcon_core.package_identification:_identify(src) by extension 'ignore_ament_install'
[2.418s] Level 1:colcon.colcon_core.package_identification:_identify(src) by extensions ['colcon_pkg']
[2.418s] Level 1:colcon.colcon_core.package_identification:_identify(src) by extension 'colcon_pkg'
[2.419s] Level 1:colcon.colcon_core.package_identification:_identify(src) by extensions ['colcon_meta']
[2.419s] Level 1:colcon.colcon_core.package_identification:_identify(src) by extension 'colcon_meta'
[2.419s] Level 1:colcon.colcon_core.package_identification:_identify(src) by extensions ['ros']
[2.419s] Level 1:colcon.colcon_core.package_identification:_identify(src) by extension 'ros'
[2.419s] Level 1:colcon.colcon_core.package_identification:_identify(src) by extensions ['cmake', 'python']
[2.419s] Level 1:colcon.colcon_core.package_identification:_identify(src) by extension 'cmake'
[2.420s] Level 1:colcon.colcon_core.package_identification:_identify(src) by extension 'python'
[2.420s] Level 1:colcon.colcon_core.package_identification:_identify(src) by extensions ['python_setup_py']
[2.420s] Level 1:colcon.colcon_core.package_identification:_identify(src) by extension 'python_setup_py'
[2.420s] Level 1:colcon.colcon_core.package_identification:_identify(src/ekf_lzp) by extensions ['ignore', 'ignore_ament_install']
[2.420s] Level 1:colcon.colcon_core.package_identification:_identify(src/ekf_lzp) by extension 'ignore'
[2.421s] Level 1:colcon.colcon_core.package_identification:_identify(src/ekf_lzp) by extension 'ignore_ament_install'
[2.421s] Level 1:colcon.colcon_core.package_identification:_identify(src/ekf_lzp) by extensions ['colcon_pkg']
[2.421s] Level 1:colcon.colcon_core.package_identification:_identify(src/ekf_lzp) by extension 'colcon_pkg'
[2.421s] Level 1:colcon.colcon_core.package_identification:_identify(src/ekf_lzp) by extensions ['colcon_meta']
[2.421s] Level 1:colcon.colcon_core.package_identification:_identify(src/ekf_lzp) by extension 'colcon_meta'
[2.422s] Level 1:colcon.colcon_core.package_identification:_identify(src/ekf_lzp) by extensions ['ros']
[2.422s] Level 1:colcon.colcon_core.package_identification:_identify(src/ekf_lzp) by extension 'ros'
[2.438s] DEBUG:colcon.colcon_core.package_identification:Package 'src/ekf_lzp' with type 'ros.ament_python' and name 'ekf_lzp'
[2.439s] Level 1:colcon.colcon_core.package_identification:_identify(src/sim_env) by extensions ['ignore', 'ignore_ament_install']
[2.441s] Level 1:colcon.colcon_core.package_identification:_identify(src/sim_env) by extension 'ignore'
[2.442s] Level 1:colcon.colcon_core.package_identification:_identify(src/sim_env) by extension 'ignore_ament_install'
[2.442s] Level 1:colcon.colcon_core.package_identification:_identify(src/sim_env) by extensions ['colcon_pkg']
[2.443s] Level 1:colcon.colcon_core.package_identification:_identify(src/sim_env) by extension 'colcon_pkg'
[2.443s] Level 1:colcon.colcon_core.package_identification:_identify(src/sim_env) by extensions ['colcon_meta']
[2.443s] Level 1:colcon.colcon_core.package_identification:_identify(src/sim_env) by extension 'colcon_meta'
[2.443s] Level 1:colcon.colcon_core.package_identification:_identify(src/sim_env) by extensions ['ros']
[2.443s] Level 1:colcon.colcon_core.package_identification:_identify(src/sim_env) by extension 'ros'
[2.446s] DEBUG:colcon.colcon_core.package_identification:Package 'src/sim_env' with type 'ros.ament_python' and name 'sim_env'
[2.447s] Level 1:colcon.colcon_core.package_discovery:discover_packages(recursive) using defaults
[2.448s] Level 1:colcon.colcon_core.package_discovery:discover_packages(ignore) discover
[2.448s] Level 1:colcon.colcon_core.package_discovery:discover_packages(ignore) using defaults
[2.448s] Level 1:colcon.colcon_core.package_discovery:discover_packages(path) discover
[2.449s] Level 1:colcon.colcon_core.package_discovery:discover_packages(path) using defaults
[2.604s] INFO:colcon.colcon_core.package_selection:Skipping not selected package 'sim_env' in 'src/sim_env'
[2.610s] Level 1:colcon.colcon_core.package_discovery:discover_packages(prefix_path) check parameters
[2.611s] Level 1:colcon.colcon_core.package_discovery:discover_packages(prefix_path) discover
[2.635s] DEBUG:colcon.colcon_installed_package_information.package_discovery:Found 6 installed packages in /home/kazuma/ros2_ws2/install
[2.647s] DEBUG:colcon.colcon_installed_package_information.package_discovery:Found 280 installed packages in /opt/ros/humble
[2.659s] Level 1:colcon.colcon_core.package_discovery:discover_packages(prefix_path) using defaults
[3.080s] Level 5:colcon.colcon_core.verb:set package 'ekf_lzp' build argument 'cmake_args' from command line to 'None'
[3.081s] Level 5:colcon.colcon_core.verb:set package 'ekf_lzp' build argument 'cmake_target' from command line to 'None'
[3.081s] Level 5:colcon.colcon_core.verb:set package 'ekf_lzp' build argument 'cmake_target_skip_unavailable' from command line to 'False'
[3.082s] Level 5:colcon.colcon_core.verb:set package 'ekf_lzp' build argument 'cmake_clean_cache' from command line to 'False'
[3.083s] Level 5:colcon.colcon_core.verb:set package 'ekf_lzp' build argument 'cmake_clean_first' from command line to 'False'
[3.083s] Level 5:colcon.colcon_core.verb:set package 'ekf_lzp' build argument 'cmake_force_configure' from command line to 'False'
[3.083s] Level 5:colcon.colcon_core.verb:set package 'ekf_lzp' build argument 'ament_cmake_args' from command line to 'None'
[3.084s] Level 5:colcon.colcon_core.verb:set package 'ekf_lzp' build argument 'catkin_cmake_args' from command line to 'None'
[3.084s] Level 5:colcon.colcon_core.verb:set package 'ekf_lzp' build argument 'catkin_skip_building_tests' from command line to 'False'
[3.084s] DEBUG:colcon.colcon_core.verb:Building package 'ekf_lzp' with the following arguments: {'ament_cmake_args': None, 'build_base': '/home/kazuma/ros2_ws2/build/ekf_lzp', 'catkin_cmake_args': None, 'catkin_skip_building_tests': False, 'cmake_args': None, 'cmake_clean_cache': False, 'cmake_clean_first': False, 'cmake_force_configure': False, 'cmake_target': None, 'cmake_target_skip_unavailable': False, 'install_base': '/home/kazuma/ros2_ws2/install/ekf_lzp', 'merge_install': False, 'path': '/home/kazuma/ros2_ws2/src/ekf_lzp', 'symlink_install': False, 'test_result_base': None}
[3.095s] INFO:colcon.colcon_core.executor:Executing jobs using 'parallel' executor
[3.143s] DEBUG:colcon.colcon_parallel_executor.executor.parallel:run_until_complete
[3.145s] INFO:colcon.colcon_ros.task.ament_python.build:Building ROS package in '/home/kazuma/ros2_ws2/src/ekf_lzp' with build type 'ament_python'
[3.146s] Level 1:colcon.colcon_core.shell:create_environment_hook('ekf_lzp', 'ament_prefix_path')
[3.178s] INFO:colcon.colcon_core.plugin_system:Skipping extension 'colcon_core.shell.bat': Not used on non-Windows systems
[3.179s] INFO:colcon.colcon_core.shell:Creating environment hook '/home/kazuma/ros2_ws2/install/ekf_lzp/share/ekf_lzp/hook/ament_prefix_path.ps1'
[3.181s] INFO:colcon.colcon_core.shell:Creating environment descriptor '/home/kazuma/ros2_ws2/install/ekf_lzp/share/ekf_lzp/hook/ament_prefix_path.dsv'
[3.186s] INFO:colcon.colcon_core.shell:Creating environment hook '/home/kazuma/ros2_ws2/install/ekf_lzp/share/ekf_lzp/hook/ament_prefix_path.sh'
[3.209s] INFO:colcon.colcon_core.shell:Skip shell extension 'powershell' for command environment: Not usable outside of PowerShell
[3.210s] DEBUG:colcon.colcon_core.shell:Skip shell extension 'dsv' for command environment
[5.643s] INFO:colcon.colcon_core.task.python.build:Building Python package in '/home/kazuma/ros2_ws2/src/ekf_lzp'
[5.657s] INFO:colcon.colcon_core.shell:Skip shell extension 'powershell' for command environment: Not usable outside of PowerShell
[5.658s] DEBUG:colcon.colcon_core.shell:Skip shell extension 'dsv' for command environment
[10.419s] DEBUG:colcon.colcon_core.event_handler.log_command:Invoking command in '/home/kazuma/ros2_ws2/src/ekf_lzp': PYTHONPATH=/home/kazuma/ros2_ws2/build/ekf_lzp/prefix_override:/home/kazuma/ros2_ws2/install/ekf_lzp/lib/python3.10/site-packages:${PYTHONPATH} /usr/bin/python3 setup.py egg_info --egg-base ../../build/ekf_lzp build --build-base /home/kazuma/ros2_ws2/build/ekf_lzp/build install --record /home/kazuma/ros2_ws2/build/ekf_lzp/install.log --single-version-externally-managed
[13.739s] DEBUG:colcon.colcon_core.event_handler.log_command:Invoked command in '/home/kazuma/ros2_ws2/src/ekf_lzp' returned '0': PYTHONPATH=/home/kazuma/ros2_ws2/build/ekf_lzp/prefix_override:/home/kazuma/ros2_ws2/install/ekf_lzp/lib/python3.10/site-packages:${PYTHONPATH} /usr/bin/python3 setup.py egg_info --egg-base ../../build/ekf_lzp build --build-base /home/kazuma/ros2_ws2/build/ekf_lzp/build install --record /home/kazuma/ros2_ws2/build/ekf_lzp/install.log --single-version-externally-managed
[13.785s] Level 1:colcon.colcon_core.environment:checking '/home/kazuma/ros2_ws2/install/ekf_lzp' for CMake module files
[13.788s] Level 1:colcon.colcon_core.environment:checking '/home/kazuma/ros2_ws2/install/ekf_lzp' for CMake config files
[13.793s] Level 1:colcon.colcon_core.environment:checking '/home/kazuma/ros2_ws2/install/ekf_lzp/lib'
[13.794s] Level 1:colcon.colcon_core.environment:checking '/home/kazuma/ros2_ws2/install/ekf_lzp/bin'
[13.794s] Level 1:colcon.colcon_core.environment:checking '/home/kazuma/ros2_ws2/install/ekf_lzp/lib/pkgconfig/ekf_lzp.pc'
[13.795s] Level 1:colcon.colcon_core.environment:checking '/home/kazuma/ros2_ws2/install/ekf_lzp/lib/python3.10/site-packages'
[13.795s] Level 1:colcon.colcon_core.shell:create_environment_hook('ekf_lzp', 'pythonpath')
[13.815s] INFO:colcon.colcon_core.shell:Creating environment hook '/home/kazuma/ros2_ws2/install/ekf_lzp/share/ekf_lzp/hook/pythonpath.ps1'
[13.817s] INFO:colcon.colcon_core.shell:Creating environment descriptor '/home/kazuma/ros2_ws2/install/ekf_lzp/share/ekf_lzp/hook/pythonpath.dsv'
[13.819s] INFO:colcon.colcon_core.shell:Creating environment hook '/home/kazuma/ros2_ws2/install/ekf_lzp/share/ekf_lzp/hook/pythonpath.sh'
[13.821s] Level 1:colcon.colcon_core.environment:checking '/home/kazuma/ros2_ws2/install/ekf_lzp/bin'
[13.821s] Level 1:colcon.colcon_core.environment:create_environment_scripts_only(ekf_lzp)
[13.837s] INFO:colcon.colcon_core.shell:Creating package script '/home/kazuma/ros2_ws2/install/ekf_lzp/share/ekf_lzp/package.ps1'
[13.839s] INFO:colcon.colcon_core.shell:Creating package descriptor '/home/kazuma/ros2_ws2/install/ekf_lzp/share/ekf_lzp/package.dsv'
[13.845s] INFO:colcon.colcon_core.shell:Creating package script '/home/kazuma/ros2_ws2/install/ekf_lzp/share/ekf_lzp/package.sh'
[13.850s] INFO:colcon.colcon_core.shell:Creating package script '/home/kazuma/ros2_ws2/install/ekf_lzp/share/ekf_lzp/package.bash'
[13.853s] INFO:colcon.colcon_core.shell:Creating package script '/home/kazuma/ros2_ws2/install/ekf_lzp/share/ekf_lzp/package.zsh'
[13.857s] Level 1:colcon.colcon_core.environment:create_file_with_runtime_dependencies(/home/kazuma/ros2_ws2/install/ekf_lzp/share/colcon-core/packages/ekf_lzp)
[13.859s] DEBUG:colcon.colcon_parallel_executor.executor.parallel:closing loop
[13.863s] DEBUG:colcon.colcon_parallel_executor.executor.parallel:loop closed
[13.864s] DEBUG:colcon.colcon_parallel_executor.executor.parallel:run_until_complete finished with '0'
[13.865s] DEBUG:colcon.colcon_core.event_reactor:joining thread
[13.915s] INFO:colcon.colcon_core.plugin_system:Skipping extension 'colcon_notification.desktop_notification.terminal_notifier': Not used on non-Darwin systems
[13.916s] INFO:colcon.colcon_core.plugin_system:Skipping extension 'colcon_notification.desktop_notification.win32': Not used on non-Windows systems
[13.916s] INFO:colcon.colcon_notification.desktop_notification:Sending desktop notification using 'notify2'
[13.979s] DEBUG:colcon.colcon_core.event_reactor:joined thread
[13.997s] INFO:colcon.colcon_core.shell:Creating prefix script '/home/kazuma/ros2_ws2/install/local_setup.ps1'
[14.004s] INFO:colcon.colcon_core.shell:Creating prefix util module '/home/kazuma/ros2_ws2/install/_local_setup_util_ps1.py'
[14.010s] INFO:colcon.colcon_core.shell:Creating prefix chain script '/home/kazuma/ros2_ws2/install/setup.ps1'
[14.028s] INFO:colcon.colcon_core.shell:Creating prefix script '/home/kazuma/ros2_ws2/install/local_setup.sh'
[14.031s] INFO:colcon.colcon_core.shell:Creating prefix util module '/home/kazuma/ros2_ws2/install/_local_setup_util_sh.py'
[14.035s] INFO:colcon.colcon_core.shell:Creating prefix chain script '/home/kazuma/ros2_ws2/install/setup.sh'
[14.048s] INFO:colcon.colcon_core.shell:Creating prefix script '/home/kazuma/ros2_ws2/install/local_setup.bash'
[14.050s] INFO:colcon.colcon_core.shell:Creating prefix chain script '/home/kazuma/ros2_ws2/install/setup.bash'
[14.064s] INFO:colcon.colcon_core.shell:Creating prefix script '/home/kazuma/ros2_ws2/install/local_setup.zsh'
[14.068s] INFO:colcon.colcon_core.shell:Creating prefix chain script '/home/kazuma/ros2_ws2/install/setup.zsh'
