[1.083s] Invoking command in '/home/kazuma/ros2_ws2/src/hello': PYTHONPATH=/home/kazuma/ros2_ws2/install/hello/lib/python3.10/site-packages:${PYTHONPATH} /usr/bin/python3 setup.py egg_info --egg-base ../../build/hello build --build-base /home/kazuma/ros2_ws2/build/hello/build install --prefix /home/kazuma/ros2_ws2/install/hello --record /home/kazuma/ros2_ws2/build/hello/install.log --single-version-externally-managed
[1.461s] running egg_info
[1.462s] creating ../../build/hello/hello.egg-info
[1.481s] writing ../../build/hello/hello.egg-info/PKG-INFO
[1.481s] writing dependency_links to ../../build/hello/hello.egg-info/dependency_links.txt
[1.481s] writing entry points to ../../build/hello/hello.egg-info/entry_points.txt
[1.481s] writing requirements to ../../build/hello/hello.egg-info/requires.txt
[1.482s] writing top-level names to ../../build/hello/hello.egg-info/top_level.txt
[1.482s] writing manifest file '../../build/hello/hello.egg-info/SOURCES.txt'
[1.510s] reading manifest file '../../build/hello/hello.egg-info/SOURCES.txt'
[1.511s] writing manifest file '../../build/hello/hello.egg-info/SOURCES.txt'
[1.511s] running build
[1.511s] running build_py
[1.511s] creating /home/kazuma/ros2_ws2/build/hello/build
[1.511s] creating /home/kazuma/ros2_ws2/build/hello/build/lib
[1.512s] creating /home/kazuma/ros2_ws2/build/hello/build/lib/hello
[1.512s] copying hello/hello_node.py -> /home/kazuma/ros2_ws2/build/hello/build/lib/hello
[1.512s] copying hello/__init__.py -> /home/kazuma/ros2_ws2/build/hello/build/lib/hello
[1.512s] running install
[1.512s] /home/kazuma/.local/lib/python3.10/site-packages/setuptools/command/install.py:34: SetuptoolsDeprecationWarning: setup.py install is deprecated. Use build and pip and other standards-based tools.
[1.512s]   warnings.warn(
[1.522s] running install_lib
[1.536s] creating /home/kazuma/ros2_ws2/install/hello/local
[1.536s] creating /home/kazuma/ros2_ws2/install/hello/local/lib
[1.536s] creating /home/kazuma/ros2_ws2/install/hello/local/lib/python3.10
[1.536s] creating /home/kazuma/ros2_ws2/install/hello/local/lib/python3.10/dist-packages
[1.536s] creating /home/kazuma/ros2_ws2/install/hello/local/lib/python3.10/dist-packages/hello
[1.536s] copying /home/kazuma/ros2_ws2/build/hello/build/lib/hello/hello_node.py -> /home/kazuma/ros2_ws2/install/hello/local/lib/python3.10/dist-packages/hello
[1.536s] copying /home/kazuma/ros2_ws2/build/hello/build/lib/hello/__init__.py -> /home/kazuma/ros2_ws2/install/hello/local/lib/python3.10/dist-packages/hello
[1.537s] byte-compiling /home/kazuma/ros2_ws2/install/hello/local/lib/python3.10/dist-packages/hello/hello_node.py to hello_node.cpython-310.pyc
[1.537s] byte-compiling /home/kazuma/ros2_ws2/install/hello/local/lib/python3.10/dist-packages/hello/__init__.py to __init__.cpython-310.pyc
[1.537s] running install_data
[1.559s] creating /home/kazuma/ros2_ws2/install/hello/local/share
[1.560s] creating /home/kazuma/ros2_ws2/install/hello/local/share/ament_index
[1.560s] creating /home/kazuma/ros2_ws2/install/hello/local/share/ament_index/resource_index
[1.560s] creating /home/kazuma/ros2_ws2/install/hello/local/share/ament_index/resource_index/packages
[1.560s] copying resource/hello -> /home/kazuma/ros2_ws2/install/hello/local/share/ament_index/resource_index/packages
[1.560s] creating /home/kazuma/ros2_ws2/install/hello/local/share/hello
[1.560s] copying package.xml -> /home/kazuma/ros2_ws2/install/hello/local/share/hello
[1.560s] running install_egg_info
[1.574s] Copying ../../build/hello/hello.egg-info to /home/kazuma/ros2_ws2/install/hello/local/lib/python3.10/dist-packages/hello-0.0.0-py3.10.egg-info
[1.574s] running install_scripts
[1.628s] Installing hello_node script to /home/kazuma/ros2_ws2/install/hello/lib/hello
[1.628s] writing list of installed files to '/home/kazuma/ros2_ws2/build/hello/install.log'
[1.678s] Invoked command in '/home/kazuma/ros2_ws2/src/hello' returned '0': PYTHONPATH=/home/kazuma/ros2_ws2/install/hello/lib/python3.10/site-packages:${PYTHONPATH} /usr/bin/python3 setup.py egg_info --egg-base ../../build/hello build --build-base /home/kazuma/ros2_ws2/build/hello/build install --prefix /home/kazuma/ros2_ws2/install/hello --record /home/kazuma/ros2_ws2/build/hello/install.log --single-version-externally-managed
