[1.198s] Invoking command in '/home/kazuma/ros2_ws2/src/sim_env': PYTHONPATH=/home/kazuma/ros2_ws2/build/sim_env/prefix_override:/home/kazuma/ros2_ws2/install/sim_env/lib/python3.10/site-packages:${PYTHONPATH} /usr/bin/python3 setup.py egg_info --egg-base ../../build/sim_env build --build-base /home/kazuma/ros2_ws2/build/sim_env/build install --record /home/kazuma/ros2_ws2/build/sim_env/install.log --single-version-externally-managed
[1.576s] running egg_info
[1.589s] writing ../../build/sim_env/sim_env.egg-info/PKG-INFO
[1.589s] writing dependency_links to ../../build/sim_env/sim_env.egg-info/dependency_links.txt
[1.589s] writing requirements to ../../build/sim_env/sim_env.egg-info/requires.txt
[1.589s] writing top-level names to ../../build/sim_env/sim_env.egg-info/top_level.txt
[1.616s] reading manifest file '../../build/sim_env/sim_env.egg-info/SOURCES.txt'
[1.617s] writing manifest file '../../build/sim_env/sim_env.egg-info/SOURCES.txt'
[1.617s] running build
[1.617s] running build_py
[1.617s] /home/kazuma/.local/lib/python3.10/site-packages/setuptools/command/install.py:34: SetuptoolsDeprecationWarning: setup.py install is deprecated. Use build and pip and other standards-based tools.
[1.618s]   warnings.warn(
[1.618s] running install
[1.623s] running install_lib
[1.645s] running install_data
[1.659s] copying urdf/first_robot.urdf -> /home/kazuma/ros2_ws2/install/sim_env/share/sim_env/urdf
[1.659s] running install_egg_info
[1.673s] removing '/home/kazuma/ros2_ws2/install/sim_env/lib/python3.10/site-packages/sim_env-0.0.0-py3.10.egg-info' (and everything under it)
[1.674s] Copying ../../build/sim_env/sim_env.egg-info to /home/kazuma/ros2_ws2/install/sim_env/lib/python3.10/site-packages/sim_env-0.0.0-py3.10.egg-info
[1.674s] running install_scripts
[1.731s] writing list of installed files to '/home/kazuma/ros2_ws2/build/sim_env/install.log'
[1.781s] Invoked command in '/home/kazuma/ros2_ws2/src/sim_env' returned '0': PYTHONPATH=/home/kazuma/ros2_ws2/build/sim_env/prefix_override:/home/kazuma/ros2_ws2/install/sim_env/lib/python3.10/site-packages:${PYTHONPATH} /usr/bin/python3 setup.py egg_info --egg-base ../../build/sim_env build --build-base /home/kazuma/ros2_ws2/build/sim_env/build install --record /home/kazuma/ros2_ws2/build/sim_env/install.log --single-version-externally-managed
