[0.014s] Invoking command in '/home/kazuma/ros2_ws2/build/local': CMAKE_PREFIX_PATH=${CMAKE_PREFIX_PATH}:/home/kazuma/ros2_ws3/install/hello:/home/kazuma/ros2_ws2/install/ros2_loc:/home/kazuma/ros2_ws2/install/hello:/opt/ros/humble /usr/bin/cmake /home/kazuma/ros2_ws2/src/local -DAMENT_CMAKE_SYMLINK_INSTALL=1 -DCMAKE_INSTALL_PREFIX=/home/kazuma/ros2_ws2/install/local
[0.027s] -- Found ament_cmake: 1.3.2 (/opt/ros/humble/share/ament_cmake/cmake)
[0.164s] -- Override CMake install command with custom implementation using symlinks instead of copying resources
[0.171s] -- Found ament_lint_auto: 0.12.4 (/opt/ros/humble/share/ament_lint_auto/cmake)
[0.240s] -- Added test 'flake8' to check Python code syntax and style conventions
[0.240s] -- Added test 'lint_cmake' to check CMake code style
[0.241s] -- Added test 'pep257' to check Python code against some of the docstring style conventions in PEP 257
[0.242s] -- Added test 'xmllint' to check XML markup files
[0.243s] -- Configuring done
[0.245s] -- Generating done
[0.247s] -- Build files have been written to: /home/kazuma/ros2_ws2/build/local
[0.250s] Invoked command in '/home/kazuma/ros2_ws2/build/local' returned '0': CMAKE_PREFIX_PATH=${CMAKE_PREFIX_PATH}:/home/kazuma/ros2_ws3/install/hello:/home/kazuma/ros2_ws2/install/ros2_loc:/home/kazuma/ros2_ws2/install/hello:/opt/ros/humble /usr/bin/cmake /home/kazuma/ros2_ws2/src/local -DAMENT_CMAKE_SYMLINK_INSTALL=1 -DCMAKE_INSTALL_PREFIX=/home/kazuma/ros2_ws2/install/local
[0.252s] Invoking command in '/home/kazuma/ros2_ws2/build/local': CMAKE_PREFIX_PATH=${CMAKE_PREFIX_PATH}:/home/kazuma/ros2_ws3/install/hello:/home/kazuma/ros2_ws2/install/ros2_loc:/home/kazuma/ros2_ws2/install/hello:/opt/ros/humble /usr/bin/cmake --build /home/kazuma/ros2_ws2/build/local -- -j8 -l8
[0.286s] Invoked command in '/home/kazuma/ros2_ws2/build/local' returned '0': CMAKE_PREFIX_PATH=${CMAKE_PREFIX_PATH}:/home/kazuma/ros2_ws3/install/hello:/home/kazuma/ros2_ws2/install/ros2_loc:/home/kazuma/ros2_ws2/install/hello:/opt/ros/humble /usr/bin/cmake --build /home/kazuma/ros2_ws2/build/local -- -j8 -l8
[0.315s] Invoking command in '/home/kazuma/ros2_ws2/build/local': CMAKE_PREFIX_PATH=${CMAKE_PREFIX_PATH}:/home/kazuma/ros2_ws3/install/hello:/home/kazuma/ros2_ws2/install/ros2_loc:/home/kazuma/ros2_ws2/install/hello:/opt/ros/humble /usr/bin/cmake --install /home/kazuma/ros2_ws2/build/local
[0.324s] -- Install configuration: ""
[0.324s] -- Execute custom install script
[0.325s] -- Up-to-date symlink: /home/kazuma/ros2_ws2/install/local/share/local/launch/rviz2.launch.py
[0.325s] -- Symlinking: /home/kazuma/ros2_ws2/install/local/share/local/urdf/first_robot.urdf
[0.333s] -- Up-to-date symlink: /home/kazuma/ros2_ws2/install/local/share/ament_index/resource_index/package_run_dependencies/local
[0.333s] -- Up-to-date symlink: /home/kazuma/ros2_ws2/install/local/share/ament_index/resource_index/parent_prefix_path/local
[0.334s] -- Up-to-date symlink: /home/kazuma/ros2_ws2/install/local/share/local/environment/ament_prefix_path.sh
[0.334s] -- Up-to-date symlink: /home/kazuma/ros2_ws2/install/local/share/local/environment/ament_prefix_path.dsv
[0.334s] -- Up-to-date symlink: /home/kazuma/ros2_ws2/install/local/share/local/environment/path.sh
[0.334s] -- Up-to-date symlink: /home/kazuma/ros2_ws2/install/local/share/local/environment/path.dsv
[0.334s] -- Up-to-date symlink: /home/kazuma/ros2_ws2/install/local/share/local/local_setup.bash
[0.335s] -- Up-to-date symlink: /home/kazuma/ros2_ws2/install/local/share/local/local_setup.sh
[0.335s] -- Up-to-date symlink: /home/kazuma/ros2_ws2/install/local/share/local/local_setup.zsh
[0.335s] -- Up-to-date symlink: /home/kazuma/ros2_ws2/install/local/share/local/local_setup.dsv
[0.335s] -- Symlinking: /home/kazuma/ros2_ws2/install/local/share/local/package.dsv
[0.344s] -- Up-to-date symlink: /home/kazuma/ros2_ws2/install/local/share/ament_index/resource_index/packages/local
[0.344s] -- Up-to-date symlink: /home/kazuma/ros2_ws2/install/local/share/local/cmake/localConfig.cmake
[0.344s] -- Up-to-date symlink: /home/kazuma/ros2_ws2/install/local/share/local/cmake/localConfig-version.cmake
[0.344s] -- Up-to-date symlink: /home/kazuma/ros2_ws2/install/local/share/local/package.xml
[0.347s] Invoked command in '/home/kazuma/ros2_ws2/build/local' returned '0': CMAKE_PREFIX_PATH=${CMAKE_PREFIX_PATH}:/home/kazuma/ros2_ws3/install/hello:/home/kazuma/ros2_ws2/install/ros2_loc:/home/kazuma/ros2_ws2/install/hello:/opt/ros/humble /usr/bin/cmake --install /home/kazuma/ros2_ws2/build/local
