[7.148s] Invoking command in '/home/kazuma/ros2_ws2/src/sim_env': PYTHONPATH=/home/kazuma/ros2_ws2/build/sim_env/prefix_override:/home/kazuma/ros2_ws2/install/sim_env/lib/python3.10/site-packages:${PYTHONPATH} /usr/bin/python3 setup.py egg_info --egg-base ../../build/sim_env build --build-base /home/kazuma/ros2_ws2/build/sim_env/build install --record /home/kazuma/ros2_ws2/build/sim_env/install.log --single-version-externally-managed
[9.712s] running egg_info
[9.811s] writing ../../build/sim_env/sim_env.egg-info/PKG-INFO
[9.812s] writing dependency_links to ../../build/sim_env/sim_env.egg-info/dependency_links.txt
[9.813s] writing requirements to ../../build/sim_env/sim_env.egg-info/requires.txt
[9.814s] writing top-level names to ../../build/sim_env/sim_env.egg-info/top_level.txt
[9.997s] reading manifest file '../../build/sim_env/sim_env.egg-info/SOURCES.txt'
[10.003s] writing manifest file '../../build/sim_env/sim_env.egg-info/SOURCES.txt'
[10.003s] running build
[10.004s] running build_py
[10.004s] running install
[10.005s] /home/kazuma/.local/lib/python3.10/site-packages/setuptools/command/install.py:34: SetuptoolsDeprecationWarning: setup.py install is deprecated. Use build and pip and other standards-based tools.
[10.005s]   warnings.warn(
[10.041s] running install_lib
[10.199s] running install_data
[10.295s] running install_egg_info
[10.394s] removing '/home/kazuma/ros2_ws2/install/sim_env/lib/python3.10/site-packages/sim_env-0.0.0-py3.10.egg-info' (and everything under it)
[10.395s] Copying ../../build/sim_env/sim_env.egg-info to /home/kazuma/ros2_ws2/install/sim_env/lib/python3.10/site-packages/sim_env-0.0.0-py3.10.egg-info
[10.399s] running install_scripts
[10.663s] writing list of installed files to '/home/kazuma/ros2_ws2/build/sim_env/install.log'
[10.819s] Invoked command in '/home/kazuma/ros2_ws2/src/sim_env' returned '0': PYTHONPATH=/home/kazuma/ros2_ws2/build/sim_env/prefix_override:/home/kazuma/ros2_ws2/install/sim_env/lib/python3.10/site-packages:${PYTHONPATH} /usr/bin/python3 setup.py egg_info --egg-base ../../build/sim_env build --build-base /home/kazuma/ros2_ws2/build/sim_env/build install --record /home/kazuma/ros2_ws2/build/sim_env/install.log --single-version-externally-managed
