[0.594s] DEBUG:colcon:Command line arguments: ['/usr/bin/colcon', 'list', '-p', '--base-paths', '/home/kazuma/ros2_ws2']
[0.594s] DEBUG:colcon:Parsed command line arguments: Namespace(log_base=None, log_level=None, verb_name='list', build_base='build', ignore_user_meta=False, metas=['./colcon.meta'], base_paths=['/home/kazuma/ros2_ws2'], packages_ignore=None, packages_ignore_regex=None, paths=None, packages_up_to=None, packages_up_to_regex=None, packages_above=None, packages_above_and_dependencies=None, packages_above_depth=None, packages_select_by_dep=None, packages_skip_by_dep=None, packages_skip_up_to=None, packages_select_build_failed=False, packages_skip_build_finished=False, packages_select_test_failures=False, packages_skip_test_passed=False, packages_select=None, packages_skip=None, packages_select_regex=None, packages_skip_regex=None, packages_start=None, packages_end=None, allow_overriding=[], topological_order=False, names_only=False, paths_only=True, topological_graph=False, topological_graph_dot=False, topological_graph_density=False, topological_graph_legend=False, topological_graph_dot_cluster=False, topological_graph_dot_include_skipped=False, verb_parser=<colcon_defaults.argument_parser.defaults.DefaultArgumentsDecorator object at 0x7fe4f88097b0>, verb_extension=<colcon_package_information.verb.list.ListVerb object at 0x7fe4f8a1aa10>, main=<bound method ListVerb.main of <colcon_package_information.verb.list.ListVerb object at 0x7fe4f8a1aa10>>)
[0.651s] Level 1:colcon.colcon_core.package_discovery:discover_packages(colcon_meta) check parameters
[0.651s] Level 1:colcon.colcon_core.package_discovery:discover_packages(recursive) check parameters
[0.651s] Level 1:colcon.colcon_core.package_discovery:discover_packages(ignore) check parameters
[0.651s] Level 1:colcon.colcon_core.package_discovery:discover_packages(path) check parameters
[0.651s] Level 1:colcon.colcon_core.package_discovery:discover_packages(recursive) discover
[0.651s] INFO:colcon.colcon_core.package_discovery:Crawling recursively for packages in '/home/kazuma/ros2_ws2'
[0.651s] Level 1:colcon.colcon_core.package_identification:_identify(/home/kazuma/ros2_ws2) by extensions ['ignore', 'ignore_ament_install']
[0.651s] Level 1:colcon.colcon_core.package_identification:_identify(/home/kazuma/ros2_ws2) by extension 'ignore'
[0.652s] Level 1:colcon.colcon_core.package_identification:_identify(/home/kazuma/ros2_ws2) by extension 'ignore_ament_install'
[0.652s] Level 1:colcon.colcon_core.package_identification:_identify(/home/kazuma/ros2_ws2) by extensions ['colcon_pkg']
[0.652s] Level 1:colcon.colcon_core.package_identification:_identify(/home/kazuma/ros2_ws2) by extension 'colcon_pkg'
[0.652s] Level 1:colcon.colcon_core.package_identification:_identify(/home/kazuma/ros2_ws2) by extensions ['colcon_meta']
[0.652s] Level 1:colcon.colcon_core.package_identification:_identify(/home/kazuma/ros2_ws2) by extension 'colcon_meta'
[0.652s] Level 1:colcon.colcon_core.package_identification:_identify(/home/kazuma/ros2_ws2) by extensions ['ros']
[0.652s] Level 1:colcon.colcon_core.package_identification:_identify(/home/kazuma/ros2_ws2) by extension 'ros'
[0.666s] Level 1:colcon.colcon_core.package_identification:_identify(/home/kazuma/ros2_ws2) by extensions ['cmake', 'python']
[0.666s] Level 1:colcon.colcon_core.package_identification:_identify(/home/kazuma/ros2_ws2) by extension 'cmake'
[0.666s] Level 1:colcon.colcon_core.package_identification:_identify(/home/kazuma/ros2_ws2) by extension 'python'
[0.666s] Level 1:colcon.colcon_core.package_identification:_identify(/home/kazuma/ros2_ws2) by extensions ['python_setup_py']
[0.666s] Level 1:colcon.colcon_core.package_identification:_identify(/home/kazuma/ros2_ws2) by extension 'python_setup_py'
[0.666s] Level 1:colcon.colcon_core.package_identification:_identify(/home/kazuma/ros2_ws2/build) by extensions ['ignore', 'ignore_ament_install']
[0.667s] Level 1:colcon.colcon_core.package_identification:_identify(/home/kazuma/ros2_ws2/build) by extension 'ignore'
[0.667s] Level 1:colcon.colcon_core.package_identification:_identify(/home/kazuma/ros2_ws2/build) ignored
[0.667s] Level 1:colcon.colcon_core.package_identification:_identify(/home/kazuma/ros2_ws2/install) by extensions ['ignore', 'ignore_ament_install']
[0.667s] Level 1:colcon.colcon_core.package_identification:_identify(/home/kazuma/ros2_ws2/install) by extension 'ignore'
[0.667s] Level 1:colcon.colcon_core.package_identification:_identify(/home/kazuma/ros2_ws2/install) ignored
[0.667s] Level 1:colcon.colcon_core.package_identification:_identify(/home/kazuma/ros2_ws2/log) by extensions ['ignore', 'ignore_ament_install']
[0.667s] Level 1:colcon.colcon_core.package_identification:_identify(/home/kazuma/ros2_ws2/log) by extension 'ignore'
[0.667s] Level 1:colcon.colcon_core.package_identification:_identify(/home/kazuma/ros2_ws2/log) ignored
[0.667s] Level 1:colcon.colcon_core.package_identification:_identify(/home/kazuma/ros2_ws2/src) by extensions ['ignore', 'ignore_ament_install']
[0.667s] Level 1:colcon.colcon_core.package_identification:_identify(/home/kazuma/ros2_ws2/src) by extension 'ignore'
[0.667s] Level 1:colcon.colcon_core.package_identification:_identify(/home/kazuma/ros2_ws2/src) by extension 'ignore_ament_install'
[0.667s] Level 1:colcon.colcon_core.package_identification:_identify(/home/kazuma/ros2_ws2/src) by extensions ['colcon_pkg']
[0.667s] Level 1:colcon.colcon_core.package_identification:_identify(/home/kazuma/ros2_ws2/src) by extension 'colcon_pkg'
[0.667s] Level 1:colcon.colcon_core.package_identification:_identify(/home/kazuma/ros2_ws2/src) by extensions ['colcon_meta']
[0.667s] Level 1:colcon.colcon_core.package_identification:_identify(/home/kazuma/ros2_ws2/src) by extension 'colcon_meta'
[0.668s] Level 1:colcon.colcon_core.package_identification:_identify(/home/kazuma/ros2_ws2/src) by extensions ['ros']
[0.668s] Level 1:colcon.colcon_core.package_identification:_identify(/home/kazuma/ros2_ws2/src) by extension 'ros'
[0.668s] Level 1:colcon.colcon_core.package_identification:_identify(/home/kazuma/ros2_ws2/src) by extensions ['cmake', 'python']
[0.668s] Level 1:colcon.colcon_core.package_identification:_identify(/home/kazuma/ros2_ws2/src) by extension 'cmake'
[0.668s] Level 1:colcon.colcon_core.package_identification:_identify(/home/kazuma/ros2_ws2/src) by extension 'python'
[0.668s] Level 1:colcon.colcon_core.package_identification:_identify(/home/kazuma/ros2_ws2/src) by extensions ['python_setup_py']
[0.668s] Level 1:colcon.colcon_core.package_identification:_identify(/home/kazuma/ros2_ws2/src) by extension 'python_setup_py'
[0.668s] Level 1:colcon.colcon_core.package_identification:_identify(/home/kazuma/ros2_ws2/src/hello) by extensions ['ignore', 'ignore_ament_install']
[0.668s] Level 1:colcon.colcon_core.package_identification:_identify(/home/kazuma/ros2_ws2/src/hello) by extension 'ignore'
[0.668s] Level 1:colcon.colcon_core.package_identification:_identify(/home/kazuma/ros2_ws2/src/hello) by extension 'ignore_ament_install'
[0.668s] Level 1:colcon.colcon_core.package_identification:_identify(/home/kazuma/ros2_ws2/src/hello) by extensions ['colcon_pkg']
[0.668s] Level 1:colcon.colcon_core.package_identification:_identify(/home/kazuma/ros2_ws2/src/hello) by extension 'colcon_pkg'
[0.668s] Level 1:colcon.colcon_core.package_identification:_identify(/home/kazuma/ros2_ws2/src/hello) by extensions ['colcon_meta']
[0.668s] Level 1:colcon.colcon_core.package_identification:_identify(/home/kazuma/ros2_ws2/src/hello) by extension 'colcon_meta'
[0.668s] Level 1:colcon.colcon_core.package_identification:_identify(/home/kazuma/ros2_ws2/src/hello) by extensions ['ros']
[0.668s] Level 1:colcon.colcon_core.package_identification:_identify(/home/kazuma/ros2_ws2/src/hello) by extension 'ros'
[0.672s] DEBUG:colcon.colcon_core.package_identification:Package '/home/kazuma/ros2_ws2/src/hello' with type 'ros.ament_python' and name 'hello'
[0.672s] Level 1:colcon.colcon_core.package_identification:_identify(/home/kazuma/ros2_ws2/src/ros2_loc) by extensions ['ignore', 'ignore_ament_install']
[0.672s] Level 1:colcon.colcon_core.package_identification:_identify(/home/kazuma/ros2_ws2/src/ros2_loc) by extension 'ignore'
[0.672s] Level 1:colcon.colcon_core.package_identification:_identify(/home/kazuma/ros2_ws2/src/ros2_loc) by extension 'ignore_ament_install'
[0.672s] Level 1:colcon.colcon_core.package_identification:_identify(/home/kazuma/ros2_ws2/src/ros2_loc) by extensions ['colcon_pkg']
[0.672s] Level 1:colcon.colcon_core.package_identification:_identify(/home/kazuma/ros2_ws2/src/ros2_loc) by extension 'colcon_pkg'
[0.673s] Level 1:colcon.colcon_core.package_identification:_identify(/home/kazuma/ros2_ws2/src/ros2_loc) by extensions ['colcon_meta']
[0.673s] Level 1:colcon.colcon_core.package_identification:_identify(/home/kazuma/ros2_ws2/src/ros2_loc) by extension 'colcon_meta'
[0.673s] Level 1:colcon.colcon_core.package_identification:_identify(/home/kazuma/ros2_ws2/src/ros2_loc) by extensions ['ros']
[0.673s] Level 1:colcon.colcon_core.package_identification:_identify(/home/kazuma/ros2_ws2/src/ros2_loc) by extension 'ros'
[0.673s] DEBUG:colcon.colcon_core.package_identification:Package '/home/kazuma/ros2_ws2/src/ros2_loc' with type 'ros.ament_python' and name 'ros2_loc'
[0.674s] Level 1:colcon.colcon_core.package_discovery:discover_packages(recursive) using defaults
