running egg_info
creating ../../build/sim_env/sim_env.egg-info
writing ../../build/sim_env/sim_env.egg-info/PKG-INFO
writing dependency_links to ../../build/sim_env/sim_env.egg-info/dependency_links.txt
writing requirements to ../../build/sim_env/sim_env.egg-info/requires.txt
writing top-level names to ../../build/sim_env/sim_env.egg-info/top_level.txt
writing manifest file '../../build/sim_env/sim_env.egg-info/SOURCES.txt'
reading manifest file '../../build/sim_env/sim_env.egg-info/SOURCES.txt'
writing manifest file '../../build/sim_env/sim_env.egg-info/SOURCES.txt'
running build
running build_py
creating /home/kazuma/ros2_ws2/build/sim_env/build
creating /home/kazuma/ros2_ws2/build/sim_env/build/lib
creating /home/kazuma/ros2_ws2/build/sim_env/build/lib/sim_env
copying sim_env/__init__.py -> /home/kazuma/ros2_ws2/build/sim_env/build/lib/sim_env
running install
/home/kazuma/.local/lib/python3.10/site-packages/setuptools/command/install.py:34: SetuptoolsDeprecationWarning: setup.py install is deprecated. Use build and pip and other standards-based tools.
  warnings.warn(
running install_lib
creating /home/kazuma/ros2_ws2/install/sim_env/lib/python3.10/site-packages/sim_env
copying /home/kazuma/ros2_ws2/build/sim_env/build/lib/sim_env/__init__.py -> /home/kazuma/ros2_ws2/install/sim_env/lib/python3.10/site-packages/sim_env
byte-compiling /home/kazuma/ros2_ws2/install/sim_env/lib/python3.10/site-packages/sim_env/__init__.py to __init__.cpython-310.pyc
running install_data
creating /home/kazuma/ros2_ws2/install/sim_env/share/ament_index
creating /home/kazuma/ros2_ws2/install/sim_env/share/ament_index/resource_index
creating /home/kazuma/ros2_ws2/install/sim_env/share/ament_index/resource_index/packages
copying resource/sim_env -> /home/kazuma/ros2_ws2/install/sim_env/share/ament_index/resource_index/packages
copying package.xml -> /home/kazuma/ros2_ws2/install/sim_env/share/sim_env
creating /home/kazuma/ros2_ws2/install/sim_env/share/sim_env/launch
copying launch/gazebol.launch.py -> /home/kazuma/ros2_ws2/install/sim_env/share/sim_env/launch
copying launch/rviz2.launch.py -> /home/kazuma/ros2_ws2/install/sim_env/share/sim_env/launch
creating /home/kazuma/ros2_ws2/install/sim_env/share/sim_env/urdf
copying urdf/first_robot.urdf -> /home/kazuma/ros2_ws2/install/sim_env/share/sim_env/urdf
running install_egg_info
Copying ../../build/sim_env/sim_env.egg-info to /home/kazuma/ros2_ws2/install/sim_env/lib/python3.10/site-packages/sim_env-0.0.0-py3.10.egg-info
running install_scripts
writing list of installed files to '/home/kazuma/ros2_ws2/build/sim_env/install.log'
