[1.189s] Invoking command in '/home/kazuma/ros2_ws2/src/sim_env': PYTHONPATH=/home/kazuma/ros2_ws2/build/sim_env/prefix_override:/home/kazuma/ros2_ws2/install/sim_env/lib/python3.10/site-packages:${PYTHONPATH} /usr/bin/python3 setup.py egg_info --egg-base ../../build/sim_env build --build-base /home/kazuma/ros2_ws2/build/sim_env/build install --record /home/kazuma/ros2_ws2/build/sim_env/install.log --single-version-externally-managed
[1.580s] running egg_info
[1.581s] creating ../../build/sim_env/sim_env.egg-info
[1.601s] writing ../../build/sim_env/sim_env.egg-info/PKG-INFO
[1.602s] writing dependency_links to ../../build/sim_env/sim_env.egg-info/dependency_links.txt
[1.602s] writing requirements to ../../build/sim_env/sim_env.egg-info/requires.txt
[1.602s] writing top-level names to ../../build/sim_env/sim_env.egg-info/top_level.txt
[1.602s] writing manifest file '../../build/sim_env/sim_env.egg-info/SOURCES.txt'
[1.633s] reading manifest file '../../build/sim_env/sim_env.egg-info/SOURCES.txt'
[1.634s] writing manifest file '../../build/sim_env/sim_env.egg-info/SOURCES.txt'
[1.634s] running build
[1.634s] running build_py
[1.634s] creating /home/kazuma/ros2_ws2/build/sim_env/build
[1.634s] creating /home/kazuma/ros2_ws2/build/sim_env/build/lib
[1.634s] creating /home/kazuma/ros2_ws2/build/sim_env/build/lib/sim_env
[1.634s] copying sim_env/__init__.py -> /home/kazuma/ros2_ws2/build/sim_env/build/lib/sim_env
[1.634s] running install
[1.634s] /home/kazuma/.local/lib/python3.10/site-packages/setuptools/command/install.py:34: SetuptoolsDeprecationWarning: setup.py install is deprecated. Use build and pip and other standards-based tools.
[1.635s]   warnings.warn(
[1.640s] running install_lib
[1.663s] creating /home/kazuma/ros2_ws2/install/sim_env/lib/python3.10/site-packages/sim_env
[1.663s] copying /home/kazuma/ros2_ws2/build/sim_env/build/lib/sim_env/__init__.py -> /home/kazuma/ros2_ws2/install/sim_env/lib/python3.10/site-packages/sim_env
[1.663s] byte-compiling /home/kazuma/ros2_ws2/install/sim_env/lib/python3.10/site-packages/sim_env/__init__.py to __init__.cpython-310.pyc
[1.664s] running install_data
[1.678s] creating /home/kazuma/ros2_ws2/install/sim_env/share/ament_index
[1.678s] creating /home/kazuma/ros2_ws2/install/sim_env/share/ament_index/resource_index
[1.678s] creating /home/kazuma/ros2_ws2/install/sim_env/share/ament_index/resource_index/packages
[1.678s] copying resource/sim_env -> /home/kazuma/ros2_ws2/install/sim_env/share/ament_index/resource_index/packages
[1.678s] copying package.xml -> /home/kazuma/ros2_ws2/install/sim_env/share/sim_env
[1.678s] creating /home/kazuma/ros2_ws2/install/sim_env/share/sim_env/launch
[1.679s] copying launch/gazebol.launch.py -> /home/kazuma/ros2_ws2/install/sim_env/share/sim_env/launch
[1.679s] copying launch/rviz2.launch.py -> /home/kazuma/ros2_ws2/install/sim_env/share/sim_env/launch
[1.679s] creating /home/kazuma/ros2_ws2/install/sim_env/share/sim_env/urdf
[1.679s] copying urdf/first_robot.urdf -> /home/kazuma/ros2_ws2/install/sim_env/share/sim_env/urdf
[1.679s] running install_egg_info
[1.695s] Copying ../../build/sim_env/sim_env.egg-info to /home/kazuma/ros2_ws2/install/sim_env/lib/python3.10/site-packages/sim_env-0.0.0-py3.10.egg-info
[1.696s] running install_scripts
[1.755s] writing list of installed files to '/home/kazuma/ros2_ws2/build/sim_env/install.log'
[1.803s] Invoked command in '/home/kazuma/ros2_ws2/src/sim_env' returned '0': PYTHONPATH=/home/kazuma/ros2_ws2/build/sim_env/prefix_override:/home/kazuma/ros2_ws2/install/sim_env/lib/python3.10/site-packages:${PYTHONPATH} /usr/bin/python3 setup.py egg_info --egg-base ../../build/sim_env build --build-base /home/kazuma/ros2_ws2/build/sim_env/build install --record /home/kazuma/ros2_ws2/build/sim_env/install.log --single-version-externally-managed
