[0.017s] Invoking command in '/home/kazuma/ros2_ws2/build/local': CMAKE_PREFIX_PATH=${CMAKE_PREFIX_PATH}:/home/kazuma/ros2_ws3/install/hello:/home/kazuma/ros2_ws2/install/ros2_loc:/home/kazuma/ros2_ws2/install/hello:/opt/ros/humble /usr/bin/cmake --build /home/kazuma/ros2_ws2/build/local -- -j8 -l8
[0.050s] Invoked command in '/home/kazuma/ros2_ws2/build/local' returned '0': CMAKE_PREFIX_PATH=${CMAKE_PREFIX_PATH}:/home/kazuma/ros2_ws3/install/hello:/home/kazuma/ros2_ws2/install/ros2_loc:/home/kazuma/ros2_ws2/install/hello:/opt/ros/humble /usr/bin/cmake --build /home/kazuma/ros2_ws2/build/local -- -j8 -l8
[0.078s] Invoking command in '/home/kazuma/ros2_ws2/build/local': CMAKE_PREFIX_PATH=${CMAKE_PREFIX_PATH}:/home/kazuma/ros2_ws3/install/hello:/home/kazuma/ros2_ws2/install/ros2_loc:/home/kazuma/ros2_ws2/install/hello:/opt/ros/humble /usr/bin/cmake --install /home/kazuma/ros2_ws2/build/local
[0.085s] -- Install configuration: ""
[0.086s] -- Execute custom install script
[0.086s] -- Up-to-date symlink: /home/kazuma/ros2_ws2/install/local/share/local/launch/rviz2.launch.py
[0.086s] -- Up-to-date symlink: /home/kazuma/ros2_ws2/install/local/share/local/urdf/first_robot.urdf
[0.087s] -- Up-to-date symlink: /home/kazuma/ros2_ws2/install/local/share/ament_index/resource_index/package_run_dependencies/local
[0.087s] -- Up-to-date symlink: /home/kazuma/ros2_ws2/install/local/share/ament_index/resource_index/parent_prefix_path/local
[0.087s] -- Up-to-date symlink: /home/kazuma/ros2_ws2/install/local/share/local/environment/ament_prefix_path.sh
[0.087s] -- Up-to-date symlink: /home/kazuma/ros2_ws2/install/local/share/local/environment/ament_prefix_path.dsv
[0.088s] -- Up-to-date symlink: /home/kazuma/ros2_ws2/install/local/share/local/environment/path.sh
[0.088s] -- Up-to-date symlink: /home/kazuma/ros2_ws2/install/local/share/local/environment/path.dsv
[0.088s] -- Up-to-date symlink: /home/kazuma/ros2_ws2/install/local/share/local/local_setup.bash
[0.088s] -- Up-to-date symlink: /home/kazuma/ros2_ws2/install/local/share/local/local_setup.sh
[0.089s] -- Up-to-date symlink: /home/kazuma/ros2_ws2/install/local/share/local/local_setup.zsh
[0.089s] -- Up-to-date symlink: /home/kazuma/ros2_ws2/install/local/share/local/local_setup.dsv
[0.089s] -- Symlinking: /home/kazuma/ros2_ws2/install/local/share/local/package.dsv
[0.098s] -- Up-to-date symlink: /home/kazuma/ros2_ws2/install/local/share/ament_index/resource_index/packages/local
[0.098s] -- Up-to-date symlink: /home/kazuma/ros2_ws2/install/local/share/local/cmake/localConfig.cmake
[0.098s] -- Up-to-date symlink: /home/kazuma/ros2_ws2/install/local/share/local/cmake/localConfig-version.cmake
[0.098s] -- Up-to-date symlink: /home/kazuma/ros2_ws2/install/local/share/local/package.xml
[0.101s] Invoked command in '/home/kazuma/ros2_ws2/build/local' returned '0': CMAKE_PREFIX_PATH=${CMAKE_PREFIX_PATH}:/home/kazuma/ros2_ws3/install/hello:/home/kazuma/ros2_ws2/install/ros2_loc:/home/kazuma/ros2_ws2/install/hello:/opt/ros/humble /usr/bin/cmake --install /home/kazuma/ros2_ws2/build/local
