[1.258s] Invoking command in '/home/kazuma/ros2_ws2/src/ekf_lzp': PYTHONPATH=/home/kazuma/ros2_ws2/build/ekf_lzp/prefix_override:/home/kazuma/ros2_ws2/install/ekf_lzp/lib/python3.10/site-packages:${PYTHONPATH} /usr/bin/python3 setup.py egg_info --egg-base ../../build/ekf_lzp build --build-base /home/kazuma/ros2_ws2/build/ekf_lzp/build install --record /home/kazuma/ros2_ws2/build/ekf_lzp/install.log --single-version-externally-managed
[1.664s] running egg_info
[1.677s] writing ../../build/ekf_lzp/ekf_lzp.egg-info/PKG-INFO
[1.678s] writing dependency_links to ../../build/ekf_lzp/ekf_lzp.egg-info/dependency_links.txt
[1.678s] writing entry points to ../../build/ekf_lzp/ekf_lzp.egg-info/entry_points.txt
[1.678s] writing requirements to ../../build/ekf_lzp/ekf_lzp.egg-info/requires.txt
[1.678s] writing top-level names to ../../build/ekf_lzp/ekf_lzp.egg-info/top_level.txt
[1.705s] reading manifest file '../../build/ekf_lzp/ekf_lzp.egg-info/SOURCES.txt'
[1.706s] writing manifest file '../../build/ekf_lzp/ekf_lzp.egg-info/SOURCES.txt'
[1.706s] running build
[1.707s] running build_py
[1.707s] copying ekf_lzp/ekf/ekf.py -> /home/kazuma/ros2_ws2/build/ekf_lzp/build/lib/ekf_lzp/ekf
[1.707s] running install
[1.707s] /home/kazuma/.local/lib/python3.10/site-packages/setuptools/command/install.py:34: SetuptoolsDeprecationWarning: setup.py install is deprecated. Use build and pip and other standards-based tools.
[1.707s]   warnings.warn(
[1.713s] running install_lib
[1.742s] copying /home/kazuma/ros2_ws2/build/ekf_lzp/build/lib/ekf_lzp/ekf/ekf.py -> /home/kazuma/ros2_ws2/install/ekf_lzp/lib/python3.10/site-packages/ekf_lzp/ekf
[1.743s] byte-compiling /home/kazuma/ros2_ws2/install/ekf_lzp/lib/python3.10/site-packages/ekf_lzp/ekf/ekf.py to ekf.cpython-310.pyc
[1.744s] running install_data
[1.761s] running install_egg_info
[1.777s] removing '/home/kazuma/ros2_ws2/install/ekf_lzp/lib/python3.10/site-packages/ekf_lzp-0.0.0-py3.10.egg-info' (and everything under it)
[1.777s] Copying ../../build/ekf_lzp/ekf_lzp.egg-info to /home/kazuma/ros2_ws2/install/ekf_lzp/lib/python3.10/site-packages/ekf_lzp-0.0.0-py3.10.egg-info
[1.778s] running install_scripts
[1.835s] Installing ekf_main script to /home/kazuma/ros2_ws2/install/ekf_lzp/lib/ekf_lzp
[1.836s] writing list of installed files to '/home/kazuma/ros2_ws2/build/ekf_lzp/install.log'
[1.891s] Invoked command in '/home/kazuma/ros2_ws2/src/ekf_lzp' returned '0': PYTHONPATH=/home/kazuma/ros2_ws2/build/ekf_lzp/prefix_override:/home/kazuma/ros2_ws2/install/ekf_lzp/lib/python3.10/site-packages:${PYTHONPATH} /usr/bin/python3 setup.py egg_info --egg-base ../../build/ekf_lzp build --build-base /home/kazuma/ros2_ws2/build/ekf_lzp/build install --record /home/kazuma/ros2_ws2/build/ekf_lzp/install.log --single-version-externally-managed
