[1.459s] Invoking command in '/home/kazuma/ros2_ws2/src/ros2_loc': PYTHONPATH=/home/kazuma/ros2_ws2/install/ros2_loc/lib/python3.10/site-packages:${PYTHONPATH} /usr/bin/python3 setup.py egg_info --egg-base ../../build/ros2_loc build --build-base /home/kazuma/ros2_ws2/build/ros2_loc/build install --prefix /home/kazuma/ros2_ws2/install/ros2_loc --record /home/kazuma/ros2_ws2/build/ros2_loc/install.log --single-version-externally-managed
[1.857s] running egg_info
[1.869s] writing ../../build/ros2_loc/ros2_loc.egg-info/PKG-INFO
[1.869s] writing dependency_links to ../../build/ros2_loc/ros2_loc.egg-info/dependency_links.txt
[1.870s] writing requirements to ../../build/ros2_loc/ros2_loc.egg-info/requires.txt
[1.870s] writing top-level names to ../../build/ros2_loc/ros2_loc.egg-info/top_level.txt
[1.896s] reading manifest file '../../build/ros2_loc/ros2_loc.egg-info/SOURCES.txt'
[1.897s] writing manifest file '../../build/ros2_loc/ros2_loc.egg-info/SOURCES.txt'
[1.897s] running build
[1.897s] running build_py
[1.897s] running install
[1.897s] /home/kazuma/.local/lib/python3.10/site-packages/setuptools/command/install.py:34: SetuptoolsDeprecationWarning: setup.py install is deprecated. Use build and pip and other standards-based tools.
[1.897s]   warnings.warn(
[1.902s] running install_lib
[1.916s] running install_data
[1.940s] running install_egg_info
[1.954s] removing '/home/kazuma/ros2_ws2/install/ros2_loc/local/lib/python3.10/dist-packages/ros2_loc-0.0.0-py3.10.egg-info' (and everything under it)
[1.955s] Copying ../../build/ros2_loc/ros2_loc.egg-info to /home/kazuma/ros2_ws2/install/ros2_loc/local/lib/python3.10/dist-packages/ros2_loc-0.0.0-py3.10.egg-info
[1.955s] running install_scripts
[2.009s] writing list of installed files to '/home/kazuma/ros2_ws2/build/ros2_loc/install.log'
[2.066s] Invoked command in '/home/kazuma/ros2_ws2/src/ros2_loc' returned '0': PYTHONPATH=/home/kazuma/ros2_ws2/install/ros2_loc/lib/python3.10/site-packages:${PYTHONPATH} /usr/bin/python3 setup.py egg_info --egg-base ../../build/ros2_loc build --build-base /home/kazuma/ros2_ws2/build/ros2_loc/build install --prefix /home/kazuma/ros2_ws2/install/ros2_loc --record /home/kazuma/ros2_ws2/build/ros2_loc/install.log --single-version-externally-managed
