[1.202s] Invoking command in '/home/kazuma/ros2_ws2/src/hello': PYTHONPATH=/home/kazuma/ros2_ws2/build/hello/prefix_override:/home/kazuma/ros2_ws2/install/hello/lib/python3.10/site-packages:${PYTHONPATH} /usr/bin/python3 setup.py egg_info --egg-base ../../build/hello build --build-base /home/kazuma/ros2_ws2/build/hello/build install --record /home/kazuma/ros2_ws2/build/hello/install.log --single-version-externally-managed
[1.576s] running egg_info
[1.589s] writing ../../build/hello/hello.egg-info/PKG-INFO
[1.589s] writing dependency_links to ../../build/hello/hello.egg-info/dependency_links.txt
[1.589s] writing entry points to ../../build/hello/hello.egg-info/entry_points.txt
[1.589s] writing requirements to ../../build/hello/hello.egg-info/requires.txt
[1.589s] writing top-level names to ../../build/hello/hello.egg-info/top_level.txt
[1.618s] reading manifest file '../../build/hello/hello.egg-info/SOURCES.txt'
[1.619s] writing manifest file '../../build/hello/hello.egg-info/SOURCES.txt'
[1.619s] running build
[1.619s] running build_py
[1.619s] running install
[1.620s] /home/kazuma/.local/lib/python3.10/site-packages/setuptools/command/install.py:34: SetuptoolsDeprecationWarning: setup.py install is deprecated. Use build and pip and other standards-based tools.
[1.620s]   warnings.warn(
[1.625s] running install_lib
[1.646s] creating /home/kazuma/ros2_ws2/install/hello/lib/python3.10/site-packages/hello
[1.646s] copying /home/kazuma/ros2_ws2/build/hello/build/lib/hello/hello_node.py -> /home/kazuma/ros2_ws2/install/hello/lib/python3.10/site-packages/hello
[1.647s] copying /home/kazuma/ros2_ws2/build/hello/build/lib/hello/__init__.py -> /home/kazuma/ros2_ws2/install/hello/lib/python3.10/site-packages/hello
[1.647s] copying /home/kazuma/ros2_ws2/build/hello/build/lib/hello/publisher_member_function.py -> /home/kazuma/ros2_ws2/install/hello/lib/python3.10/site-packages/hello
[1.647s] copying /home/kazuma/ros2_ws2/build/hello/build/lib/hello/subscriber_member_function.py -> /home/kazuma/ros2_ws2/install/hello/lib/python3.10/site-packages/hello
[1.648s] byte-compiling /home/kazuma/ros2_ws2/install/hello/lib/python3.10/site-packages/hello/hello_node.py to hello_node.cpython-310.pyc
[1.648s] byte-compiling /home/kazuma/ros2_ws2/install/hello/lib/python3.10/site-packages/hello/__init__.py to __init__.cpython-310.pyc
[1.648s] byte-compiling /home/kazuma/ros2_ws2/install/hello/lib/python3.10/site-packages/hello/publisher_member_function.py to publisher_member_function.cpython-310.pyc
[1.649s] byte-compiling /home/kazuma/ros2_ws2/install/hello/lib/python3.10/site-packages/hello/subscriber_member_function.py to subscriber_member_function.cpython-310.pyc
[1.649s] running install_data
[1.662s] creating /home/kazuma/ros2_ws2/install/hello/share/ament_index
[1.663s] creating /home/kazuma/ros2_ws2/install/hello/share/ament_index/resource_index
[1.663s] creating /home/kazuma/ros2_ws2/install/hello/share/ament_index/resource_index/packages
[1.663s] copying resource/hello -> /home/kazuma/ros2_ws2/install/hello/share/ament_index/resource_index/packages
[1.663s] copying package.xml -> /home/kazuma/ros2_ws2/install/hello/share/hello
[1.663s] running install_egg_info
[1.677s] Copying ../../build/hello/hello.egg-info to /home/kazuma/ros2_ws2/install/hello/lib/python3.10/site-packages/hello-0.0.0-py3.10.egg-info
[1.678s] running install_scripts
[1.735s] Installing listener script to /home/kazuma/ros2_ws2/install/hello/lib/hello
[1.735s] Installing talker script to /home/kazuma/ros2_ws2/install/hello/lib/hello
[1.735s] writing list of installed files to '/home/kazuma/ros2_ws2/build/hello/install.log'
[1.783s] Invoked command in '/home/kazuma/ros2_ws2/src/hello' returned '0': PYTHONPATH=/home/kazuma/ros2_ws2/build/hello/prefix_override:/home/kazuma/ros2_ws2/install/hello/lib/python3.10/site-packages:${PYTHONPATH} /usr/bin/python3 setup.py egg_info --egg-base ../../build/hello build --build-base /home/kazuma/ros2_ws2/build/hello/build install --record /home/kazuma/ros2_ws2/build/hello/install.log --single-version-externally-managed
