running egg_info
writing ../../build/sim_env/sim_env.egg-info/PKG-INFO
writing dependency_links to ../../build/sim_env/sim_env.egg-info/dependency_links.txt
writing requirements to ../../build/sim_env/sim_env.egg-info/requires.txt
writing top-level names to ../../build/sim_env/sim_env.egg-info/top_level.txt
reading manifest file '../../build/sim_env/sim_env.egg-info/SOURCES.txt'
writing manifest file '../../build/sim_env/sim_env.egg-info/SOURCES.txt'
running build
running build_py
running install
/home/kazuma/.local/lib/python3.10/site-packages/setuptools/command/install.py:34: SetuptoolsDeprecationWarning: setup.py install is deprecated. Use build and pip and other standards-based tools.
  warnings.warn(
running install_lib
running install_data
copying launch/gazebol.launch.py -> /home/kazuma/ros2_ws2/install/sim_env/share/sim_env/launch
copying launch/rviz2.launch.py -> /home/kazuma/ros2_ws2/install/sim_env/share/sim_env/launch
copying urdf/first_robot.urdf -> /home/kazuma/ros2_ws2/install/sim_env/share/sim_env/urdf
creating /home/kazuma/ros2_ws2/install/sim_env/share/sim_env/rviz
copying rviz/first_robot.rviz -> /home/kazuma/ros2_ws2/install/sim_env/share/sim_env/rviz
running install_egg_info
removing '/home/kazuma/ros2_ws2/install/sim_env/lib/python3.10/site-packages/sim_env-0.0.0-py3.10.egg-info' (and everything under it)
Copying ../../build/sim_env/sim_env.egg-info to /home/kazuma/ros2_ws2/install/sim_env/lib/python3.10/site-packages/sim_env-0.0.0-py3.10.egg-info
running install_scripts
writing list of installed files to '/home/kazuma/ros2_ws2/build/sim_env/install.log'
