[1.547s] Invoking command in '/home/kazuma/ros2_ws2/src/hello': PYTHONPATH=/home/kazuma/ros2_ws2/install/hello/lib/python3.10/site-packages:${PYTHONPATH} /usr/bin/python3 setup.py egg_info --egg-base ../../build/hello build --build-base /home/kazuma/ros2_ws2/build/hello/build install --prefix /home/kazuma/ros2_ws2/install/hello --record /home/kazuma/ros2_ws2/build/hello/install.log --single-version-externally-managed
[1.931s] running egg_info
[1.945s] writing ../../build/hello/hello.egg-info/PKG-INFO
[1.945s] writing dependency_links to ../../build/hello/hello.egg-info/dependency_links.txt
[1.945s] writing entry points to ../../build/hello/hello.egg-info/entry_points.txt
[1.946s] writing requirements to ../../build/hello/hello.egg-info/requires.txt
[1.946s] writing top-level names to ../../build/hello/hello.egg-info/top_level.txt
[1.975s] reading manifest file '../../build/hello/hello.egg-info/SOURCES.txt'
[1.976s] writing manifest file '../../build/hello/hello.egg-info/SOURCES.txt'
[1.976s] running build
[1.977s] running build_py
[1.977s] running install
[1.977s] /home/kazuma/.local/lib/python3.10/site-packages/setuptools/command/install.py:34: SetuptoolsDeprecationWarning: setup.py install is deprecated. Use build and pip and other standards-based tools.
[1.977s]   warnings.warn(
[1.985s] running install_lib
[1.998s] running install_data
[2.027s] copying package.xml -> /home/kazuma/ros2_ws2/install/hello/local/share/hello
[2.027s] running install_egg_info
[2.046s] removing '/home/kazuma/ros2_ws2/install/hello/local/lib/python3.10/dist-packages/hello-0.0.0-py3.10.egg-info' (and everything under it)
[2.046s] Copying ../../build/hello/hello.egg-info to /home/kazuma/ros2_ws2/install/hello/local/lib/python3.10/dist-packages/hello-0.0.0-py3.10.egg-info
[2.047s] running install_scripts
[2.102s] Installing hello_node script to /home/kazuma/ros2_ws2/install/hello/lib/hello
[2.102s] writing list of installed files to '/home/kazuma/ros2_ws2/build/hello/install.log'
[2.215s] Invoked command in '/home/kazuma/ros2_ws2/src/hello' returned '0': PYTHONPATH=/home/kazuma/ros2_ws2/install/hello/lib/python3.10/site-packages:${PYTHONPATH} /usr/bin/python3 setup.py egg_info --egg-base ../../build/hello build --build-base /home/kazuma/ros2_ws2/build/hello/build install --prefix /home/kazuma/ros2_ws2/install/hello --record /home/kazuma/ros2_ws2/build/hello/install.log --single-version-externally-managed
