[1.198s] Invoking command in '/home/kazuma/ros2_ws2/src/hello': PYTHONPATH=/home/kazuma/ros2_ws2/install/hello/lib/python3.10/site-packages:${PYTHONPATH} /usr/bin/python3 setup.py egg_info --egg-base ../../build/hello build --build-base /home/kazuma/ros2_ws2/build/hello/build install --prefix /home/kazuma/ros2_ws2/install/hello --record /home/kazuma/ros2_ws2/build/hello/install.log --single-version-externally-managed
[1.574s] running egg_info
[1.587s] writing ../../build/hello/hello.egg-info/PKG-INFO
[1.587s] writing dependency_links to ../../build/hello/hello.egg-info/dependency_links.txt
[1.588s] writing requirements to ../../build/hello/hello.egg-info/requires.txt
[1.588s] writing top-level names to ../../build/hello/hello.egg-info/top_level.txt
[1.616s] reading manifest file '../../build/hello/hello.egg-info/SOURCES.txt'
[1.618s] writing manifest file '../../build/hello/hello.egg-info/SOURCES.txt'
[1.618s] running build
[1.618s] running build_py
[1.619s] running install
[1.619s] /home/kazuma/.local/lib/python3.10/site-packages/setuptools/command/install.py:34: SetuptoolsDeprecationWarning: setup.py install is deprecated. Use build and pip and other standards-based tools.
[1.619s]   warnings.warn(
[1.625s] running install_lib
[1.649s] running install_data
[1.664s] copying package.xml -> /home/kazuma/ros2_ws2/install/hello/local/share/hello
[1.664s] running install_egg_info
[1.678s] removing '/home/kazuma/ros2_ws2/install/hello/local/lib/python3.10/dist-packages/hello-0.0.0-py3.10.egg-info' (and everything under it)
[1.678s] Copying ../../build/hello/hello.egg-info to /home/kazuma/ros2_ws2/install/hello/local/lib/python3.10/dist-packages/hello-0.0.0-py3.10.egg-info
[1.679s] running install_scripts
[1.735s] writing list of installed files to '/home/kazuma/ros2_ws2/build/hello/install.log'
[1.783s] Invoked command in '/home/kazuma/ros2_ws2/src/hello' returned '0': PYTHONPATH=/home/kazuma/ros2_ws2/install/hello/lib/python3.10/site-packages:${PYTHONPATH} /usr/bin/python3 setup.py egg_info --egg-base ../../build/hello build --build-base /home/kazuma/ros2_ws2/build/hello/build install --prefix /home/kazuma/ros2_ws2/install/hello --record /home/kazuma/ros2_ws2/build/hello/install.log --single-version-externally-managed
