[1.198s] Invoking command in '/home/kazuma/ros2_ws2/src/hello': PYTHONPATH=/home/kazuma/ros2_ws2/install/hello/lib/python3.10/site-packages:${PYTHONPATH} /usr/bin/python3 setup.py egg_info --egg-base ../../build/hello build --build-base /home/kazuma/ros2_ws2/build/hello/build install --prefix /home/kazuma/ros2_ws2/install/hello --record /home/kazuma/ros2_ws2/build/hello/install.log --single-version-externally-managed
[1.595s] running egg_info
[1.610s] writing ../../build/hello/hello.egg-info/PKG-INFO
[1.611s] writing dependency_links to ../../build/hello/hello.egg-info/dependency_links.txt
[1.611s] writing entry points to ../../build/hello/hello.egg-info/entry_points.txt
[1.612s] writing requirements to ../../build/hello/hello.egg-info/requires.txt
[1.612s] writing top-level names to ../../build/hello/hello.egg-info/top_level.txt
[1.643s] reading manifest file '../../build/hello/hello.egg-info/SOURCES.txt'
[1.644s] writing manifest file '../../build/hello/hello.egg-info/SOURCES.txt'
[1.644s] running build
[1.644s] running build_py
[1.644s] copying hello/publisher_member_function.py -> /home/kazuma/ros2_ws2/build/hello/build/lib/hello
[1.645s] copying hello/subscriber_member_function.py -> /home/kazuma/ros2_ws2/build/hello/build/lib/hello
[1.645s] running install
[1.645s] /home/kazuma/.local/lib/python3.10/site-packages/setuptools/command/install.py:34: SetuptoolsDeprecationWarning: setup.py install is deprecated. Use build and pip and other standards-based tools.
[1.645s]   warnings.warn(
[1.654s] running install_lib
[1.677s] copying /home/kazuma/ros2_ws2/build/hello/build/lib/hello/publisher_member_function.py -> /home/kazuma/ros2_ws2/install/hello/local/lib/python3.10/dist-packages/hello
[1.678s] copying /home/kazuma/ros2_ws2/build/hello/build/lib/hello/subscriber_member_function.py -> /home/kazuma/ros2_ws2/install/hello/local/lib/python3.10/dist-packages/hello
[1.678s] byte-compiling /home/kazuma/ros2_ws2/install/hello/local/lib/python3.10/dist-packages/hello/publisher_member_function.py to publisher_member_function.cpython-310.pyc
[1.679s] byte-compiling /home/kazuma/ros2_ws2/install/hello/local/lib/python3.10/dist-packages/hello/subscriber_member_function.py to subscriber_member_function.cpython-310.pyc
[1.679s] running install_data
[1.694s] copying package.xml -> /home/kazuma/ros2_ws2/install/hello/local/share/hello
[1.694s] running install_egg_info
[1.709s] removing '/home/kazuma/ros2_ws2/install/hello/local/lib/python3.10/dist-packages/hello-0.0.0-py3.10.egg-info' (and everything under it)
[1.709s] Copying ../../build/hello/hello.egg-info to /home/kazuma/ros2_ws2/install/hello/local/lib/python3.10/dist-packages/hello-0.0.0-py3.10.egg-info
[1.710s] running install_scripts
[1.766s] Installing listener script to /home/kazuma/ros2_ws2/install/hello/lib/hello
[1.767s] Installing talker script to /home/kazuma/ros2_ws2/install/hello/lib/hello
[1.767s] writing list of installed files to '/home/kazuma/ros2_ws2/build/hello/install.log'
[1.816s] Invoked command in '/home/kazuma/ros2_ws2/src/hello' returned '0': PYTHONPATH=/home/kazuma/ros2_ws2/install/hello/lib/python3.10/site-packages:${PYTHONPATH} /usr/bin/python3 setup.py egg_info --egg-base ../../build/hello build --build-base /home/kazuma/ros2_ws2/build/hello/build install --prefix /home/kazuma/ros2_ws2/install/hello --record /home/kazuma/ros2_ws2/build/hello/install.log --single-version-externally-managed
