[2.025s] DEBUG:colcon:Command line arguments: ['/usr/bin/colcon', 'build', '--packages-select', 'sim_env']
[2.025s] DEBUG:colcon:Parsed command line arguments: Namespace(log_base=None, log_level=None, verb_name='build', build_base='build', install_base='install', merge_install=False, symlink_install=False, test_result_base=None, continue_on_error=False, executor='parallel', parallel_workers=8, event_handlers=None, ignore_user_meta=False, metas=['./colcon.meta'], base_paths=['.'], packages_ignore=None, packages_ignore_regex=None, paths=None, packages_up_to=None, packages_up_to_regex=None, packages_above=None, packages_above_and_dependencies=None, packages_above_depth=None, packages_select_by_dep=None, packages_skip_by_dep=None, packages_skip_up_to=None, packages_select_build_failed=False, packages_skip_build_finished=False, packages_select_test_failures=False, packages_skip_test_passed=False, packages_select=['sim_env'], packages_skip=None, packages_select_regex=None, packages_skip_regex=None, packages_start=None, packages_end=None, allow_overriding=[], cmake_args=None, cmake_target=None, cmake_target_skip_unavailable=False, cmake_clean_cache=False, cmake_clean_first=False, cmake_force_configure=False, ament_cmake_args=None, catkin_cmake_args=None, catkin_skip_building_tests=False, verb_parser=<colcon_defaults.argument_parser.defaults.DefaultArgumentsDecorator object at 0x7f5ecd52e8c0>, verb_extension=<colcon_core.verb.build.BuildVerb object at 0x7f5ecdeec820>, main=<bound method BuildVerb.main of <colcon_core.verb.build.BuildVerb object at 0x7f5ecdeec820>>)
[2.267s] Level 1:colcon.colcon_core.package_discovery:discover_packages(colcon_meta) check parameters
[2.267s] Level 1:colcon.colcon_core.package_discovery:discover_packages(recursive) check parameters
[2.267s] Level 1:colcon.colcon_core.package_discovery:discover_packages(ignore) check parameters
[2.268s] Level 1:colcon.colcon_core.package_discovery:discover_packages(path) check parameters
[2.268s] Level 1:colcon.colcon_core.package_discovery:discover_packages(colcon_meta) discover
[2.268s] Level 1:colcon.colcon_core.package_discovery:discover_packages(recursive) discover
[2.268s] INFO:colcon.colcon_core.package_discovery:Crawling recursively for packages in '/home/kazuma/ros2_ws2'
[2.268s] Level 1:colcon.colcon_core.package_identification:_identify(.) by extensions ['ignore', 'ignore_ament_install']
[2.269s] Level 1:colcon.colcon_core.package_identification:_identify(.) by extension 'ignore'
[2.269s] Level 1:colcon.colcon_core.package_identification:_identify(.) by extension 'ignore_ament_install'
[2.270s] Level 1:colcon.colcon_core.package_identification:_identify(.) by extensions ['colcon_pkg']
[2.270s] Level 1:colcon.colcon_core.package_identification:_identify(.) by extension 'colcon_pkg'
[2.270s] Level 1:colcon.colcon_core.package_identification:_identify(.) by extensions ['colcon_meta']
[2.270s] Level 1:colcon.colcon_core.package_identification:_identify(.) by extension 'colcon_meta'
[2.271s] Level 1:colcon.colcon_core.package_identification:_identify(.) by extensions ['ros']
[2.271s] Level 1:colcon.colcon_core.package_identification:_identify(.) by extension 'ros'
[2.341s] Level 1:colcon.colcon_core.package_identification:_identify(.) by extensions ['cmake', 'python']
[2.342s] Level 1:colcon.colcon_core.package_identification:_identify(.) by extension 'cmake'
[2.342s] Level 1:colcon.colcon_core.package_identification:_identify(.) by extension 'python'
[2.344s] Level 1:colcon.colcon_core.package_identification:_identify(.) by extensions ['python_setup_py']
[2.344s] Level 1:colcon.colcon_core.package_identification:_identify(.) by extension 'python_setup_py'
[2.346s] Level 1:colcon.colcon_core.package_identification:_identify(build) by extensions ['ignore', 'ignore_ament_install']
[2.347s] Level 1:colcon.colcon_core.package_identification:_identify(build) by extension 'ignore'
[2.347s] Level 1:colcon.colcon_core.package_identification:_identify(build) ignored
[2.348s] Level 1:colcon.colcon_core.package_identification:_identify(install) by extensions ['ignore', 'ignore_ament_install']
[2.348s] Level 1:colcon.colcon_core.package_identification:_identify(install) by extension 'ignore'
[2.348s] Level 1:colcon.colcon_core.package_identification:_identify(install) ignored
[2.349s] Level 1:colcon.colcon_core.package_identification:_identify(log) by extensions ['ignore', 'ignore_ament_install']
[2.350s] Level 1:colcon.colcon_core.package_identification:_identify(log) by extension 'ignore'
[2.350s] Level 1:colcon.colcon_core.package_identification:_identify(log) ignored
[2.350s] Level 1:colcon.colcon_core.package_identification:_identify(src) by extensions ['ignore', 'ignore_ament_install']
[2.350s] Level 1:colcon.colcon_core.package_identification:_identify(src) by extension 'ignore'
[2.350s] Level 1:colcon.colcon_core.package_identification:_identify(src) by extension 'ignore_ament_install'
[2.350s] Level 1:colcon.colcon_core.package_identification:_identify(src) by extensions ['colcon_pkg']
[2.351s] Level 1:colcon.colcon_core.package_identification:_identify(src) by extension 'colcon_pkg'
[2.351s] Level 1:colcon.colcon_core.package_identification:_identify(src) by extensions ['colcon_meta']
[2.351s] Level 1:colcon.colcon_core.package_identification:_identify(src) by extension 'colcon_meta'
[2.351s] Level 1:colcon.colcon_core.package_identification:_identify(src) by extensions ['ros']
[2.351s] Level 1:colcon.colcon_core.package_identification:_identify(src) by extension 'ros'
[2.352s] Level 1:colcon.colcon_core.package_identification:_identify(src) by extensions ['cmake', 'python']
[2.353s] Level 1:colcon.colcon_core.package_identification:_identify(src) by extension 'cmake'
[2.354s] Level 1:colcon.colcon_core.package_identification:_identify(src) by extension 'python'
[2.354s] Level 1:colcon.colcon_core.package_identification:_identify(src) by extensions ['python_setup_py']
[2.354s] Level 1:colcon.colcon_core.package_identification:_identify(src) by extension 'python_setup_py'
[2.355s] Level 1:colcon.colcon_core.package_identification:_identify(src/ekf_lzp) by extensions ['ignore', 'ignore_ament_install']
[2.355s] Level 1:colcon.colcon_core.package_identification:_identify(src/ekf_lzp) by extension 'ignore'
[2.355s] Level 1:colcon.colcon_core.package_identification:_identify(src/ekf_lzp) by extension 'ignore_ament_install'
[2.355s] Level 1:colcon.colcon_core.package_identification:_identify(src/ekf_lzp) by extensions ['colcon_pkg']
[2.356s] Level 1:colcon.colcon_core.package_identification:_identify(src/ekf_lzp) by extension 'colcon_pkg'
[2.356s] Level 1:colcon.colcon_core.package_identification:_identify(src/ekf_lzp) by extensions ['colcon_meta']
[2.356s] Level 1:colcon.colcon_core.package_identification:_identify(src/ekf_lzp) by extension 'colcon_meta'
[2.356s] Level 1:colcon.colcon_core.package_identification:_identify(src/ekf_lzp) by extensions ['ros']
[2.356s] Level 1:colcon.colcon_core.package_identification:_identify(src/ekf_lzp) by extension 'ros'
[2.369s] DEBUG:colcon.colcon_core.package_identification:Package 'src/ekf_lzp' with type 'ros.ament_python' and name 'ekf_lzp'
[2.369s] Level 1:colcon.colcon_core.package_identification:_identify(src/sim_env) by extensions ['ignore', 'ignore_ament_install']
[2.369s] Level 1:colcon.colcon_core.package_identification:_identify(src/sim_env) by extension 'ignore'
[2.369s] Level 1:colcon.colcon_core.package_identification:_identify(src/sim_env) by extension 'ignore_ament_install'
[2.370s] Level 1:colcon.colcon_core.package_identification:_identify(src/sim_env) by extensions ['colcon_pkg']
[2.370s] Level 1:colcon.colcon_core.package_identification:_identify(src/sim_env) by extension 'colcon_pkg'
[2.370s] Level 1:colcon.colcon_core.package_identification:_identify(src/sim_env) by extensions ['colcon_meta']
[2.370s] Level 1:colcon.colcon_core.package_identification:_identify(src/sim_env) by extension 'colcon_meta'
[2.370s] Level 1:colcon.colcon_core.package_identification:_identify(src/sim_env) by extensions ['ros']
[2.370s] Level 1:colcon.colcon_core.package_identification:_identify(src/sim_env) by extension 'ros'
[2.375s] DEBUG:colcon.colcon_core.package_identification:Package 'src/sim_env' with type 'ros.ament_python' and name 'sim_env'
[2.376s] Level 1:colcon.colcon_core.package_discovery:discover_packages(recursive) using defaults
[2.376s] Level 1:colcon.colcon_core.package_discovery:discover_packages(ignore) discover
[2.377s] Level 1:colcon.colcon_core.package_discovery:discover_packages(ignore) using defaults
[2.377s] Level 1:colcon.colcon_core.package_discovery:discover_packages(path) discover
[2.377s] Level 1:colcon.colcon_core.package_discovery:discover_packages(path) using defaults
[2.478s] INFO:colcon.colcon_core.package_selection:Skipping not selected package 'ekf_lzp' in 'src/ekf_lzp'
[2.480s] Level 1:colcon.colcon_core.package_discovery:discover_packages(prefix_path) check parameters
[2.480s] Level 1:colcon.colcon_core.package_discovery:discover_packages(prefix_path) discover
[2.498s] DEBUG:colcon.colcon_installed_package_information.package_discovery:Found 6 installed packages in /home/kazuma/ros2_ws2/install
[2.510s] DEBUG:colcon.colcon_installed_package_information.package_discovery:Found 280 installed packages in /opt/ros/humble
[2.514s] Level 1:colcon.colcon_core.package_discovery:discover_packages(prefix_path) using defaults
[2.914s] Level 5:colcon.colcon_core.verb:set package 'sim_env' build argument 'cmake_args' from command line to 'None'
[2.915s] Level 5:colcon.colcon_core.verb:set package 'sim_env' build argument 'cmake_target' from command line to 'None'
[2.915s] Level 5:colcon.colcon_core.verb:set package 'sim_env' build argument 'cmake_target_skip_unavailable' from command line to 'False'
[2.915s] Level 5:colcon.colcon_core.verb:set package 'sim_env' build argument 'cmake_clean_cache' from command line to 'False'
[2.915s] Level 5:colcon.colcon_core.verb:set package 'sim_env' build argument 'cmake_clean_first' from command line to 'False'
[2.916s] Level 5:colcon.colcon_core.verb:set package 'sim_env' build argument 'cmake_force_configure' from command line to 'False'
[2.916s] Level 5:colcon.colcon_core.verb:set package 'sim_env' build argument 'ament_cmake_args' from command line to 'None'
[2.916s] Level 5:colcon.colcon_core.verb:set package 'sim_env' build argument 'catkin_cmake_args' from command line to 'None'
[2.916s] Level 5:colcon.colcon_core.verb:set package 'sim_env' build argument 'catkin_skip_building_tests' from command line to 'False'
[2.916s] DEBUG:colcon.colcon_core.verb:Building package 'sim_env' with the following arguments: {'ament_cmake_args': None, 'build_base': '/home/kazuma/ros2_ws2/build/sim_env', 'catkin_cmake_args': None, 'catkin_skip_building_tests': False, 'cmake_args': None, 'cmake_clean_cache': False, 'cmake_clean_first': False, 'cmake_force_configure': False, 'cmake_target': None, 'cmake_target_skip_unavailable': False, 'install_base': '/home/kazuma/ros2_ws2/install/sim_env', 'merge_install': False, 'path': '/home/kazuma/ros2_ws2/src/sim_env', 'symlink_install': False, 'test_result_base': None}
[2.925s] INFO:colcon.colcon_core.executor:Executing jobs using 'parallel' executor
[2.969s] DEBUG:colcon.colcon_parallel_executor.executor.parallel:run_until_complete
[2.970s] INFO:colcon.colcon_ros.task.ament_python.build:Building ROS package in '/home/kazuma/ros2_ws2/src/sim_env' with build type 'ament_python'
[2.971s] Level 1:colcon.colcon_core.shell:create_environment_hook('sim_env', 'ament_prefix_path')
[3.009s] INFO:colcon.colcon_core.plugin_system:Skipping extension 'colcon_core.shell.bat': Not used on non-Windows systems
[3.013s] INFO:colcon.colcon_core.shell:Creating environment hook '/home/kazuma/ros2_ws2/install/sim_env/share/sim_env/hook/ament_prefix_path.ps1'
[3.015s] INFO:colcon.colcon_core.shell:Creating environment descriptor '/home/kazuma/ros2_ws2/install/sim_env/share/sim_env/hook/ament_prefix_path.dsv'
[3.022s] INFO:colcon.colcon_core.shell:Creating environment hook '/home/kazuma/ros2_ws2/install/sim_env/share/sim_env/hook/ament_prefix_path.sh'
[3.045s] INFO:colcon.colcon_core.shell:Skip shell extension 'powershell' for command environment: Not usable outside of PowerShell
[3.045s] DEBUG:colcon.colcon_core.shell:Skip shell extension 'dsv' for command environment
[5.341s] INFO:colcon.colcon_core.task.python.build:Building Python package in '/home/kazuma/ros2_ws2/src/sim_env'
[5.361s] INFO:colcon.colcon_core.shell:Skip shell extension 'powershell' for command environment: Not usable outside of PowerShell
[5.361s] DEBUG:colcon.colcon_core.shell:Skip shell extension 'dsv' for command environment
[10.127s] DEBUG:colcon.colcon_core.event_handler.log_command:Invoking command in '/home/kazuma/ros2_ws2/src/sim_env': PYTHONPATH=/home/kazuma/ros2_ws2/build/sim_env/prefix_override:/home/kazuma/ros2_ws2/install/sim_env/lib/python3.10/site-packages:${PYTHONPATH} /usr/bin/python3 setup.py egg_info --egg-base ../../build/sim_env build --build-base /home/kazuma/ros2_ws2/build/sim_env/build install --record /home/kazuma/ros2_ws2/build/sim_env/install.log --single-version-externally-managed
[13.798s] DEBUG:colcon.colcon_core.event_handler.log_command:Invoked command in '/home/kazuma/ros2_ws2/src/sim_env' returned '0': PYTHONPATH=/home/kazuma/ros2_ws2/build/sim_env/prefix_override:/home/kazuma/ros2_ws2/install/sim_env/lib/python3.10/site-packages:${PYTHONPATH} /usr/bin/python3 setup.py egg_info --egg-base ../../build/sim_env build --build-base /home/kazuma/ros2_ws2/build/sim_env/build install --record /home/kazuma/ros2_ws2/build/sim_env/install.log --single-version-externally-managed
[13.807s] Level 1:colcon.colcon_core.environment:checking '/home/kazuma/ros2_ws2/install/sim_env' for CMake module files
[13.808s] Level 1:colcon.colcon_core.environment:checking '/home/kazuma/ros2_ws2/install/sim_env' for CMake config files
[13.810s] Level 1:colcon.colcon_core.environment:checking '/home/kazuma/ros2_ws2/install/sim_env/lib'
[13.811s] Level 1:colcon.colcon_core.environment:checking '/home/kazuma/ros2_ws2/install/sim_env/bin'
[13.811s] Level 1:colcon.colcon_core.environment:checking '/home/kazuma/ros2_ws2/install/sim_env/lib/pkgconfig/sim_env.pc'
[13.812s] Level 1:colcon.colcon_core.environment:checking '/home/kazuma/ros2_ws2/install/sim_env/lib/python3.10/site-packages'
[13.812s] Level 1:colcon.colcon_core.shell:create_environment_hook('sim_env', 'pythonpath')
[13.821s] INFO:colcon.colcon_core.shell:Creating environment hook '/home/kazuma/ros2_ws2/install/sim_env/share/sim_env/hook/pythonpath.ps1'
[13.822s] INFO:colcon.colcon_core.shell:Creating environment descriptor '/home/kazuma/ros2_ws2/install/sim_env/share/sim_env/hook/pythonpath.dsv'
[13.823s] INFO:colcon.colcon_core.shell:Creating environment hook '/home/kazuma/ros2_ws2/install/sim_env/share/sim_env/hook/pythonpath.sh'
[13.825s] Level 1:colcon.colcon_core.environment:checking '/home/kazuma/ros2_ws2/install/sim_env/bin'
[13.825s] Level 1:colcon.colcon_core.environment:create_environment_scripts_only(sim_env)
[13.833s] INFO:colcon.colcon_core.shell:Creating package script '/home/kazuma/ros2_ws2/install/sim_env/share/sim_env/package.ps1'
[13.835s] INFO:colcon.colcon_core.shell:Creating package descriptor '/home/kazuma/ros2_ws2/install/sim_env/share/sim_env/package.dsv'
[13.836s] INFO:colcon.colcon_core.shell:Creating package script '/home/kazuma/ros2_ws2/install/sim_env/share/sim_env/package.sh'
[13.839s] INFO:colcon.colcon_core.shell:Creating package script '/home/kazuma/ros2_ws2/install/sim_env/share/sim_env/package.bash'
[13.841s] INFO:colcon.colcon_core.shell:Creating package script '/home/kazuma/ros2_ws2/install/sim_env/share/sim_env/package.zsh'
[13.844s] Level 1:colcon.colcon_core.environment:create_file_with_runtime_dependencies(/home/kazuma/ros2_ws2/install/sim_env/share/colcon-core/packages/sim_env)
[13.845s] DEBUG:colcon.colcon_parallel_executor.executor.parallel:closing loop
[13.846s] DEBUG:colcon.colcon_parallel_executor.executor.parallel:loop closed
[13.846s] DEBUG:colcon.colcon_parallel_executor.executor.parallel:run_until_complete finished with '0'
[13.846s] DEBUG:colcon.colcon_core.event_reactor:joining thread
[13.861s] INFO:colcon.colcon_core.plugin_system:Skipping extension 'colcon_notification.desktop_notification.terminal_notifier': Not used on non-Darwin systems
[13.861s] INFO:colcon.colcon_core.plugin_system:Skipping extension 'colcon_notification.desktop_notification.win32': Not used on non-Windows systems
[13.861s] INFO:colcon.colcon_notification.desktop_notification:Sending desktop notification using 'notify2'
[13.884s] DEBUG:colcon.colcon_core.event_reactor:joined thread
[13.889s] INFO:colcon.colcon_core.shell:Creating prefix script '/home/kazuma/ros2_ws2/install/local_setup.ps1'
[13.890s] INFO:colcon.colcon_core.shell:Creating prefix util module '/home/kazuma/ros2_ws2/install/_local_setup_util_ps1.py'
[13.893s] INFO:colcon.colcon_core.shell:Creating prefix chain script '/home/kazuma/ros2_ws2/install/setup.ps1'
[13.898s] INFO:colcon.colcon_core.shell:Creating prefix script '/home/kazuma/ros2_ws2/install/local_setup.sh'
[13.898s] INFO:colcon.colcon_core.shell:Creating prefix util module '/home/kazuma/ros2_ws2/install/_local_setup_util_sh.py'
[13.899s] INFO:colcon.colcon_core.shell:Creating prefix chain script '/home/kazuma/ros2_ws2/install/setup.sh'
[13.902s] INFO:colcon.colcon_core.shell:Creating prefix script '/home/kazuma/ros2_ws2/install/local_setup.bash'
[13.903s] INFO:colcon.colcon_core.shell:Creating prefix chain script '/home/kazuma/ros2_ws2/install/setup.bash'
[13.906s] INFO:colcon.colcon_core.shell:Creating prefix script '/home/kazuma/ros2_ws2/install/local_setup.zsh'
[13.907s] INFO:colcon.colcon_core.shell:Creating prefix chain script '/home/kazuma/ros2_ws2/install/setup.zsh'
