[1.233s] Invoking command in '/home/kazuma/ros2_ws2/src/ekf_lzp': PYTHONPATH=/home/kazuma/ros2_ws2/build/ekf_lzp/prefix_override:/home/kazuma/ros2_ws2/install/ekf_lzp/lib/python3.10/site-packages:${PYTHONPATH} /usr/bin/python3 setup.py egg_info --egg-base ../../build/ekf_lzp build --build-base /home/kazuma/ros2_ws2/build/ekf_lzp/build install --record /home/kazuma/ros2_ws2/build/ekf_lzp/install.log --single-version-externally-managed
[1.617s] running egg_info
[1.632s] writing ../../build/ekf_lzp/ekf_lzp.egg-info/PKG-INFO
[1.632s] writing dependency_links to ../../build/ekf_lzp/ekf_lzp.egg-info/dependency_links.txt
[1.632s] writing entry points to ../../build/ekf_lzp/ekf_lzp.egg-info/entry_points.txt
[1.632s] writing requirements to ../../build/ekf_lzp/ekf_lzp.egg-info/requires.txt
[1.632s] writing top-level names to ../../build/ekf_lzp/ekf_lzp.egg-info/top_level.txt
[1.659s] reading manifest file '../../build/ekf_lzp/ekf_lzp.egg-info/SOURCES.txt'
[1.660s] writing manifest file '../../build/ekf_lzp/ekf_lzp.egg-info/SOURCES.txt'
[1.660s] running build
[1.660s] running build_py
[1.660s] running install
[1.660s] /home/kazuma/.local/lib/python3.10/site-packages/setuptools/command/install.py:34: SetuptoolsDeprecationWarning: setup.py install is deprecated. Use build and pip and other standards-based tools.
[1.660s]   warnings.warn(
[1.672s] running install_lib
[1.695s] running install_data
[1.710s] copying package.xml -> /home/kazuma/ros2_ws2/install/ekf_lzp/share/ekf_lzp
[1.710s] running install_egg_info
[1.726s] removing '/home/kazuma/ros2_ws2/install/ekf_lzp/lib/python3.10/site-packages/ekf_lzp-0.0.0-py3.10.egg-info' (and everything under it)
[1.726s] Copying ../../build/ekf_lzp/ekf_lzp.egg-info to /home/kazuma/ros2_ws2/install/ekf_lzp/lib/python3.10/site-packages/ekf_lzp-0.0.0-py3.10.egg-info
[1.727s] running install_scripts
[1.782s] Installing ekf_main script to /home/kazuma/ros2_ws2/install/ekf_lzp/lib/ekf_lzp
[1.782s] writing list of installed files to '/home/kazuma/ros2_ws2/build/ekf_lzp/install.log'
[1.837s] Invoked command in '/home/kazuma/ros2_ws2/src/ekf_lzp' returned '0': PYTHONPATH=/home/kazuma/ros2_ws2/build/ekf_lzp/prefix_override:/home/kazuma/ros2_ws2/install/ekf_lzp/lib/python3.10/site-packages:${PYTHONPATH} /usr/bin/python3 setup.py egg_info --egg-base ../../build/ekf_lzp build --build-base /home/kazuma/ros2_ws2/build/ekf_lzp/build install --record /home/kazuma/ros2_ws2/build/ekf_lzp/install.log --single-version-externally-managed
