running egg_info
writing ../../build/ros2_loc/ros2_loc.egg-info/PKG-INFO
writing dependency_links to ../../build/ros2_loc/ros2_loc.egg-info/dependency_links.txt
writing requirements to ../../build/ros2_loc/ros2_loc.egg-info/requires.txt
writing top-level names to ../../build/ros2_loc/ros2_loc.egg-info/top_level.txt
reading manifest file '../../build/ros2_loc/ros2_loc.egg-info/SOURCES.txt'
writing manifest file '../../build/ros2_loc/ros2_loc.egg-info/SOURCES.txt'
running build
running build_py
running install
/home/kazuma/.local/lib/python3.10/site-packages/setuptools/command/install.py:34: SetuptoolsDeprecationWarning: setup.py install is deprecated. Use build and pip and other standards-based tools.
  warnings.warn(
running install_lib
running install_data
copying package.xml -> /home/kazuma/ros2_ws2/install/ros2_loc/local/share/ros2_loc
creating /home/kazuma/ros2_ws2/install/ros2_loc/local/share/ros2_loc/launch
copying launch/rviz2.launch.py -> /home/kazuma/ros2_ws2/install/ros2_loc/local/share/ros2_loc/launch
creating /home/kazuma/ros2_ws2/install/ros2_loc/local/share/ros2_loc/urdf
copying urdf/first_robot.urdf -> /home/kazuma/ros2_ws2/install/ros2_loc/local/share/ros2_loc/urdf
running install_egg_info
removing '/home/kazuma/ros2_ws2/install/ros2_loc/local/lib/python3.10/dist-packages/ros2_loc-0.0.0-py3.10.egg-info' (and everything under it)
Copying ../../build/ros2_loc/ros2_loc.egg-info to /home/kazuma/ros2_ws2/install/ros2_loc/local/lib/python3.10/dist-packages/ros2_loc-0.0.0-py3.10.egg-info
running install_scripts
writing list of installed files to '/home/kazuma/ros2_ws2/build/ros2_loc/install.log'
