[1.046s] Invoking command in '/home/kazuma/ros2_ws2/src/ros2_loc': PYTHONPATH=/home/kazuma/ros2_ws2/install/ros2_loc/lib/python3.10/site-packages:${PYTHONPATH} /usr/bin/python3 setup.py egg_info --egg-base ../../build/ros2_loc build --build-base /home/kazuma/ros2_ws2/build/ros2_loc/build install --prefix /home/kazuma/ros2_ws2/install/ros2_loc --record /home/kazuma/ros2_ws2/build/ros2_loc/install.log --single-version-externally-managed
[1.402s] running egg_info
[1.415s] writing ../../build/ros2_loc/ros2_loc.egg-info/PKG-INFO
[1.416s] writing dependency_links to ../../build/ros2_loc/ros2_loc.egg-info/dependency_links.txt
[1.416s] writing requirements to ../../build/ros2_loc/ros2_loc.egg-info/requires.txt
[1.416s] writing top-level names to ../../build/ros2_loc/ros2_loc.egg-info/top_level.txt
[1.443s] reading manifest file '../../build/ros2_loc/ros2_loc.egg-info/SOURCES.txt'
[1.444s] writing manifest file '../../build/ros2_loc/ros2_loc.egg-info/SOURCES.txt'
[1.444s] running build
[1.444s] running build_py
[1.444s] running install
[1.444s] /home/kazuma/.local/lib/python3.10/site-packages/setuptools/command/install.py:34: SetuptoolsDeprecationWarning: setup.py install is deprecated. Use build and pip and other standards-based tools.
[1.445s]   warnings.warn(
[1.450s] running install_lib
[1.463s] running install_data
[1.484s] copying package.xml -> /home/kazuma/ros2_ws2/install/ros2_loc/local/share/ros2_loc
[1.484s] creating /home/kazuma/ros2_ws2/install/ros2_loc/local/share/ros2_loc/launch
[1.484s] copying launch/rviz2.launch.py -> /home/kazuma/ros2_ws2/install/ros2_loc/local/share/ros2_loc/launch
[1.485s] creating /home/kazuma/ros2_ws2/install/ros2_loc/local/share/ros2_loc/urdf
[1.485s] copying urdf/first_robot.urdf -> /home/kazuma/ros2_ws2/install/ros2_loc/local/share/ros2_loc/urdf
[1.485s] running install_egg_info
[1.499s] removing '/home/kazuma/ros2_ws2/install/ros2_loc/local/lib/python3.10/dist-packages/ros2_loc-0.0.0-py3.10.egg-info' (and everything under it)
[1.499s] Copying ../../build/ros2_loc/ros2_loc.egg-info to /home/kazuma/ros2_ws2/install/ros2_loc/local/lib/python3.10/dist-packages/ros2_loc-0.0.0-py3.10.egg-info
[1.500s] running install_scripts
[1.555s] writing list of installed files to '/home/kazuma/ros2_ws2/build/ros2_loc/install.log'
[1.606s] Invoked command in '/home/kazuma/ros2_ws2/src/ros2_loc' returned '0': PYTHONPATH=/home/kazuma/ros2_ws2/install/ros2_loc/lib/python3.10/site-packages:${PYTHONPATH} /usr/bin/python3 setup.py egg_info --egg-base ../../build/ros2_loc build --build-base /home/kazuma/ros2_ws2/build/ros2_loc/build install --prefix /home/kazuma/ros2_ws2/install/ros2_loc --record /home/kazuma/ros2_ws2/build/ros2_loc/install.log --single-version-externally-managed
