running egg_info
writing ../../build/hello/hello.egg-info/PKG-INFO
writing dependency_links to ../../build/hello/hello.egg-info/dependency_links.txt
deleting ../../build/hello/hello.egg-info/entry_points.txt
writing requirements to ../../build/hello/hello.egg-info/requires.txt
writing top-level names to ../../build/hello/hello.egg-info/top_level.txt
reading manifest file '../../build/hello/hello.egg-info/SOURCES.txt'
writing manifest file '../../build/hello/hello.egg-info/SOURCES.txt'
running build
running build_py
copying hello/__init__.py -> /home/kazuma/ros2_ws2/build/hello/build/lib/hello
running install
running install_lib
copying /home/kazuma/ros2_ws2/build/hello/build/lib/hello/__init__.py -> /home/kazuma/ros2_ws2/install/hello/local/lib/python3.10/dist-packages/hello
byte-compiling /home/kazuma/ros2_ws2/install/hello/local/lib/python3.10/dist-packages/hello/__init__.py to __init__.cpython-310.pyc
running install_data
copying resource/hello -> /home/kazuma/ros2_ws2/install/hello/local/share/ament_index/resource_index/packages
copying package.xml -> /home/kazuma/ros2_ws2/install/hello/local/share/hello
running install_egg_info
removing '/home/kazuma/ros2_ws2/install/hello/local/lib/python3.10/dist-packages/hello-0.0.0-py3.10.egg-info' (and everything under it)
Copying ../../build/hello/hello.egg-info to /home/kazuma/ros2_ws2/install/hello/local/lib/python3.10/dist-packages/hello-0.0.0-py3.10.egg-info
running install_scripts
writing list of installed files to '/home/kazuma/ros2_ws2/build/hello/install.log'
