[1.315s] Invoking command in '/home/kazuma/ros2_ws2/src/hello': PYTHONPATH=/home/kazuma/ros2_ws2/install/hello/lib/python3.10/site-packages:${PYTHONPATH} /usr/bin/python3 setup.py egg_info --egg-base ../../build/hello build --build-base /home/kazuma/ros2_ws2/build/hello/build install --prefix /home/kazuma/ros2_ws2/install/hello --record /home/kazuma/ros2_ws2/build/hello/install.log --single-version-externally-managed
[1.685s] running egg_info
[1.698s] writing ../../build/hello/hello.egg-info/PKG-INFO
[1.698s] writing dependency_links to ../../build/hello/hello.egg-info/dependency_links.txt
[1.698s] deleting ../../build/hello/hello.egg-info/entry_points.txt
[1.698s] writing requirements to ../../build/hello/hello.egg-info/requires.txt
[1.698s] writing top-level names to ../../build/hello/hello.egg-info/top_level.txt
[1.726s] reading manifest file '../../build/hello/hello.egg-info/SOURCES.txt'
[1.727s] writing manifest file '../../build/hello/hello.egg-info/SOURCES.txt'
[1.728s] running build
[1.728s] running build_py
[1.728s] copying hello/__init__.py -> /home/kazuma/ros2_ws2/build/hello/build/lib/hello
[1.728s] running install
[1.728s] /home/kazuma/.local/lib/python3.10/site-packages/setuptools/command/install.py:34: SetuptoolsDeprecationWarning: setup.py install is deprecated. Use build and pip and other standards-based tools.
[1.728s]   warnings.warn(
[1.734s] running install_lib
[1.756s] copying /home/kazuma/ros2_ws2/build/hello/build/lib/hello/__init__.py -> /home/kazuma/ros2_ws2/install/hello/local/lib/python3.10/dist-packages/hello
[1.756s] byte-compiling /home/kazuma/ros2_ws2/install/hello/local/lib/python3.10/dist-packages/hello/__init__.py to __init__.cpython-310.pyc
[1.757s] running install_data
[1.771s] copying resource/hello -> /home/kazuma/ros2_ws2/install/hello/local/share/ament_index/resource_index/packages
[1.772s] copying package.xml -> /home/kazuma/ros2_ws2/install/hello/local/share/hello
[1.772s] running install_egg_info
[1.787s] removing '/home/kazuma/ros2_ws2/install/hello/local/lib/python3.10/dist-packages/hello-0.0.0-py3.10.egg-info' (and everything under it)
[1.787s] Copying ../../build/hello/hello.egg-info to /home/kazuma/ros2_ws2/install/hello/local/lib/python3.10/dist-packages/hello-0.0.0-py3.10.egg-info
[1.789s] running install_scripts
[1.846s] writing list of installed files to '/home/kazuma/ros2_ws2/build/hello/install.log'
[1.895s] Invoked command in '/home/kazuma/ros2_ws2/src/hello' returned '0': PYTHONPATH=/home/kazuma/ros2_ws2/install/hello/lib/python3.10/site-packages:${PYTHONPATH} /usr/bin/python3 setup.py egg_info --egg-base ../../build/hello build --build-base /home/kazuma/ros2_ws2/build/hello/build install --prefix /home/kazuma/ros2_ws2/install/hello --record /home/kazuma/ros2_ws2/build/hello/install.log --single-version-externally-managed
