[1.000s] Invoking command in '/home/kazuma/ros2_ws2/src/ros2_loc': PYTHONPATH=/home/kazuma/ros2_ws2/install/ros2_loc/lib/python3.10/site-packages:${PYTHONPATH} /usr/bin/python3 setup.py egg_info --egg-base ../../build/ros2_loc build --build-base /home/kazuma/ros2_ws2/build/ros2_loc/build install --prefix /home/kazuma/ros2_ws2/install/ros2_loc --record /home/kazuma/ros2_ws2/build/ros2_loc/install.log --single-version-externally-managed
[1.363s] running egg_info
[1.363s] creating ../../build/ros2_loc/ros2_loc.egg-info
[1.375s] writing ../../build/ros2_loc/ros2_loc.egg-info/PKG-INFO
[1.376s] writing dependency_links to ../../build/ros2_loc/ros2_loc.egg-info/dependency_links.txt
[1.376s] writing requirements to ../../build/ros2_loc/ros2_loc.egg-info/requires.txt
[1.376s] writing top-level names to ../../build/ros2_loc/ros2_loc.egg-info/top_level.txt
[1.376s] writing manifest file '../../build/ros2_loc/ros2_loc.egg-info/SOURCES.txt'
[1.401s] reading manifest file '../../build/ros2_loc/ros2_loc.egg-info/SOURCES.txt'
[1.402s] writing manifest file '../../build/ros2_loc/ros2_loc.egg-info/SOURCES.txt'
[1.402s] running build
[1.402s] running build_py
[1.402s] creating /home/kazuma/ros2_ws2/build/ros2_loc/build
[1.402s] creating /home/kazuma/ros2_ws2/build/ros2_loc/build/lib
[1.402s] creating /home/kazuma/ros2_ws2/build/ros2_loc/build/lib/ros2_loc
[1.402s] copying ros2_loc/__init__.py -> /home/kazuma/ros2_ws2/build/ros2_loc/build/lib/ros2_loc
[1.402s] running install
[1.402s] /home/kazuma/.local/lib/python3.10/site-packages/setuptools/command/install.py:34: SetuptoolsDeprecationWarning: setup.py install is deprecated. Use build and pip and other standards-based tools.
[1.402s]   warnings.warn(
[1.409s] running install_lib
[1.423s] creating /home/kazuma/ros2_ws2/install/ros2_loc/local
[1.423s] creating /home/kazuma/ros2_ws2/install/ros2_loc/local/lib
[1.423s] creating /home/kazuma/ros2_ws2/install/ros2_loc/local/lib/python3.10
[1.423s] creating /home/kazuma/ros2_ws2/install/ros2_loc/local/lib/python3.10/dist-packages
[1.423s] creating /home/kazuma/ros2_ws2/install/ros2_loc/local/lib/python3.10/dist-packages/ros2_loc
[1.423s] copying /home/kazuma/ros2_ws2/build/ros2_loc/build/lib/ros2_loc/__init__.py -> /home/kazuma/ros2_ws2/install/ros2_loc/local/lib/python3.10/dist-packages/ros2_loc
[1.423s] byte-compiling /home/kazuma/ros2_ws2/install/ros2_loc/local/lib/python3.10/dist-packages/ros2_loc/__init__.py to __init__.cpython-310.pyc
[1.423s] running install_data
[1.447s] creating /home/kazuma/ros2_ws2/install/ros2_loc/local/share
[1.448s] creating /home/kazuma/ros2_ws2/install/ros2_loc/local/share/ament_index
[1.448s] creating /home/kazuma/ros2_ws2/install/ros2_loc/local/share/ament_index/resource_index
[1.448s] creating /home/kazuma/ros2_ws2/install/ros2_loc/local/share/ament_index/resource_index/packages
[1.448s] copying resource/ros2_loc -> /home/kazuma/ros2_ws2/install/ros2_loc/local/share/ament_index/resource_index/packages
[1.448s] creating /home/kazuma/ros2_ws2/install/ros2_loc/local/share/ros2_loc
[1.448s] copying package.xml -> /home/kazuma/ros2_ws2/install/ros2_loc/local/share/ros2_loc
[1.448s] running install_egg_info
[1.463s] Copying ../../build/ros2_loc/ros2_loc.egg-info to /home/kazuma/ros2_ws2/install/ros2_loc/local/lib/python3.10/dist-packages/ros2_loc-0.0.0-py3.10.egg-info
[1.464s] running install_scripts
[1.516s] writing list of installed files to '/home/kazuma/ros2_ws2/build/ros2_loc/install.log'
[1.574s] Invoked command in '/home/kazuma/ros2_ws2/src/ros2_loc' returned '0': PYTHONPATH=/home/kazuma/ros2_ws2/install/ros2_loc/lib/python3.10/site-packages:${PYTHONPATH} /usr/bin/python3 setup.py egg_info --egg-base ../../build/ros2_loc build --build-base /home/kazuma/ros2_ws2/build/ros2_loc/build install --prefix /home/kazuma/ros2_ws2/install/ros2_loc --record /home/kazuma/ros2_ws2/build/ros2_loc/install.log --single-version-externally-managed
