running egg_info
creating ../../build/ekf_lzp/ekf_lzp.egg-info
writing ../../build/ekf_lzp/ekf_lzp.egg-info/PKG-INFO
writing dependency_links to ../../build/ekf_lzp/ekf_lzp.egg-info/dependency_links.txt
writing entry points to ../../build/ekf_lzp/ekf_lzp.egg-info/entry_points.txt
writing requirements to ../../build/ekf_lzp/ekf_lzp.egg-info/requires.txt
writing top-level names to ../../build/ekf_lzp/ekf_lzp.egg-info/top_level.txt
writing manifest file '../../build/ekf_lzp/ekf_lzp.egg-info/SOURCES.txt'
reading manifest file '../../build/ekf_lzp/ekf_lzp.egg-info/SOURCES.txt'
writing manifest file '../../build/ekf_lzp/ekf_lzp.egg-info/SOURCES.txt'
running build
running build_py
creating /home/kazuma/ros2_ws2/build/ekf_lzp/build
creating /home/kazuma/ros2_ws2/build/ekf_lzp/build/lib
creating /home/kazuma/ros2_ws2/build/ekf_lzp/build/lib/ekf_lzp
copying ekf_lzp/__init__.py -> /home/kazuma/ros2_ws2/build/ekf_lzp/build/lib/ekf_lzp
copying ekf_lzp/ekf_main.py -> /home/kazuma/ros2_ws2/build/ekf_lzp/build/lib/ekf_lzp
running install
running install_lib
creating /home/kazuma/ros2_ws2/install/ekf_lzp/lib/python3.10/site-packages/ekf_lzp
copying /home/kazuma/ros2_ws2/build/ekf_lzp/build/lib/ekf_lzp/__init__.py -> /home/kazuma/ros2_ws2/install/ekf_lzp/lib/python3.10/site-packages/ekf_lzp
copying /home/kazuma/ros2_ws2/build/ekf_lzp/build/lib/ekf_lzp/ekf_main.py -> /home/kazuma/ros2_ws2/install/ekf_lzp/lib/python3.10/site-packages/ekf_lzp
byte-compiling /home/kazuma/ros2_ws2/install/ekf_lzp/lib/python3.10/site-packages/ekf_lzp/__init__.py to __init__.cpython-310.pyc
byte-compiling /home/kazuma/ros2_ws2/install/ekf_lzp/lib/python3.10/site-packages/ekf_lzp/ekf_main.py to ekf_main.cpython-310.pyc
running install_data
creating /home/kazuma/ros2_ws2/install/ekf_lzp/share/ament_index
creating /home/kazuma/ros2_ws2/install/ekf_lzp/share/ament_index/resource_index
creating /home/kazuma/ros2_ws2/install/ekf_lzp/share/ament_index/resource_index/packages
copying resource/ekf_lzp -> /home/kazuma/ros2_ws2/install/ekf_lzp/share/ament_index/resource_index/packages
copying package.xml -> /home/kazuma/ros2_ws2/install/ekf_lzp/share/ekf_lzp
creating /home/kazuma/ros2_ws2/install/ekf_lzp/share/ekf_lzp/launch
copying launch/ekf.launch.py -> /home/kazuma/ros2_ws2/install/ekf_lzp/share/ekf_lzp/launch
running install_egg_info
Copying ../../build/ekf_lzp/ekf_lzp.egg-info to /home/kazuma/ros2_ws2/install/ekf_lzp/lib/python3.10/site-packages/ekf_lzp-0.0.0-py3.10.egg-info
running install_scripts
Installing ekf_main script to /home/kazuma/ros2_ws2/install/ekf_lzp/lib/ekf_lzp
writing list of installed files to '/home/kazuma/ros2_ws2/build/ekf_lzp/install.log'
