[1.262s] Invoking command in '/home/kazuma/ros2_ws2/src/ekf_lzp': PYTHONPATH=/home/kazuma/ros2_ws2/build/ekf_lzp/prefix_override:/home/kazuma/ros2_ws2/install/ekf_lzp/lib/python3.10/site-packages:${PYTHONPATH} /usr/bin/python3 setup.py egg_info --egg-base ../../build/ekf_lzp build --build-base /home/kazuma/ros2_ws2/build/ekf_lzp/build install --record /home/kazuma/ros2_ws2/build/ekf_lzp/install.log --single-version-externally-managed
[1.684s] running egg_info
[1.684s] creating ../../build/ekf_lzp/ekf_lzp.egg-info
[1.698s] writing ../../build/ekf_lzp/ekf_lzp.egg-info/PKG-INFO
[1.698s] writing dependency_links to ../../build/ekf_lzp/ekf_lzp.egg-info/dependency_links.txt
[1.698s] writing entry points to ../../build/ekf_lzp/ekf_lzp.egg-info/entry_points.txt
[1.698s] writing requirements to ../../build/ekf_lzp/ekf_lzp.egg-info/requires.txt
[1.698s] writing top-level names to ../../build/ekf_lzp/ekf_lzp.egg-info/top_level.txt
[1.699s] writing manifest file '../../build/ekf_lzp/ekf_lzp.egg-info/SOURCES.txt'
[1.727s] reading manifest file '../../build/ekf_lzp/ekf_lzp.egg-info/SOURCES.txt'
[1.728s] writing manifest file '../../build/ekf_lzp/ekf_lzp.egg-info/SOURCES.txt'
[1.728s] running build
[1.728s] running build_py
[1.729s] creating /home/kazuma/ros2_ws2/build/ekf_lzp/build
[1.729s] creating /home/kazuma/ros2_ws2/build/ekf_lzp/build/lib
[1.729s] creating /home/kazuma/ros2_ws2/build/ekf_lzp/build/lib/ekf_lzp
[1.729s] copying ekf_lzp/__init__.py -> /home/kazuma/ros2_ws2/build/ekf_lzp/build/lib/ekf_lzp
[1.729s] copying ekf_lzp/ekf_main.py -> /home/kazuma/ros2_ws2/build/ekf_lzp/build/lib/ekf_lzp
[1.729s] running install
[1.729s] /home/kazuma/.local/lib/python3.10/site-packages/setuptools/command/install.py:34: SetuptoolsDeprecationWarning: setup.py install is deprecated. Use build and pip and other standards-based tools.
[1.729s]   warnings.warn(
[1.734s] running install_lib
[1.757s] creating /home/kazuma/ros2_ws2/install/ekf_lzp/lib/python3.10/site-packages/ekf_lzp
[1.757s] copying /home/kazuma/ros2_ws2/build/ekf_lzp/build/lib/ekf_lzp/__init__.py -> /home/kazuma/ros2_ws2/install/ekf_lzp/lib/python3.10/site-packages/ekf_lzp
[1.758s] copying /home/kazuma/ros2_ws2/build/ekf_lzp/build/lib/ekf_lzp/ekf_main.py -> /home/kazuma/ros2_ws2/install/ekf_lzp/lib/python3.10/site-packages/ekf_lzp
[1.758s] byte-compiling /home/kazuma/ros2_ws2/install/ekf_lzp/lib/python3.10/site-packages/ekf_lzp/__init__.py to __init__.cpython-310.pyc
[1.758s] byte-compiling /home/kazuma/ros2_ws2/install/ekf_lzp/lib/python3.10/site-packages/ekf_lzp/ekf_main.py to ekf_main.cpython-310.pyc
[1.758s] running install_data
[1.773s] creating /home/kazuma/ros2_ws2/install/ekf_lzp/share/ament_index
[1.773s] creating /home/kazuma/ros2_ws2/install/ekf_lzp/share/ament_index/resource_index
[1.773s] creating /home/kazuma/ros2_ws2/install/ekf_lzp/share/ament_index/resource_index/packages
[1.773s] copying resource/ekf_lzp -> /home/kazuma/ros2_ws2/install/ekf_lzp/share/ament_index/resource_index/packages
[1.773s] copying package.xml -> /home/kazuma/ros2_ws2/install/ekf_lzp/share/ekf_lzp
[1.774s] creating /home/kazuma/ros2_ws2/install/ekf_lzp/share/ekf_lzp/launch
[1.774s] copying launch/ekf.launch.py -> /home/kazuma/ros2_ws2/install/ekf_lzp/share/ekf_lzp/launch
[1.774s] running install_egg_info
[1.788s] Copying ../../build/ekf_lzp/ekf_lzp.egg-info to /home/kazuma/ros2_ws2/install/ekf_lzp/lib/python3.10/site-packages/ekf_lzp-0.0.0-py3.10.egg-info
[1.789s] running install_scripts
[1.846s] Installing ekf_main script to /home/kazuma/ros2_ws2/install/ekf_lzp/lib/ekf_lzp
[1.846s] writing list of installed files to '/home/kazuma/ros2_ws2/build/ekf_lzp/install.log'
[1.898s] Invoked command in '/home/kazuma/ros2_ws2/src/ekf_lzp' returned '0': PYTHONPATH=/home/kazuma/ros2_ws2/build/ekf_lzp/prefix_override:/home/kazuma/ros2_ws2/install/ekf_lzp/lib/python3.10/site-packages:${PYTHONPATH} /usr/bin/python3 setup.py egg_info --egg-base ../../build/ekf_lzp build --build-base /home/kazuma/ros2_ws2/build/ekf_lzp/build install --record /home/kazuma/ros2_ws2/build/ekf_lzp/install.log --single-version-externally-managed
