[1.227s] Invoking command in '/home/kazuma/ros2_ws2/src/sim_env': PYTHONPATH=/home/kazuma/ros2_ws2/build/sim_env/prefix_override:/home/kazuma/ros2_ws2/install/sim_env/lib/python3.10/site-packages:${PYTHONPATH} /usr/bin/python3 setup.py egg_info --egg-base ../../build/sim_env build --build-base /home/kazuma/ros2_ws2/build/sim_env/build install --record /home/kazuma/ros2_ws2/build/sim_env/install.log --single-version-externally-managed
[1.605s] running egg_info
[1.625s] writing ../../build/sim_env/sim_env.egg-info/PKG-INFO
[1.626s] writing dependency_links to ../../build/sim_env/sim_env.egg-info/dependency_links.txt
[1.626s] writing requirements to ../../build/sim_env/sim_env.egg-info/requires.txt
[1.626s] writing top-level names to ../../build/sim_env/sim_env.egg-info/top_level.txt
[1.662s] reading manifest file '../../build/sim_env/sim_env.egg-info/SOURCES.txt'
[1.663s] writing manifest file '../../build/sim_env/sim_env.egg-info/SOURCES.txt'
[1.663s] running build
[1.664s] running build_py
[1.664s] running install
[1.664s] /home/kazuma/.local/lib/python3.10/site-packages/setuptools/command/install.py:34: SetuptoolsDeprecationWarning: setup.py install is deprecated. Use build and pip and other standards-based tools.
[1.664s]   warnings.warn(
[1.669s] running install_lib
[1.692s] running install_data
[1.707s] copying urdf/first_robot.urdf -> /home/kazuma/ros2_ws2/install/sim_env/share/sim_env/urdf
[1.707s] running install_egg_info
[1.723s] removing '/home/kazuma/ros2_ws2/install/sim_env/lib/python3.10/site-packages/sim_env-0.0.0-py3.10.egg-info' (and everything under it)
[1.724s] Copying ../../build/sim_env/sim_env.egg-info to /home/kazuma/ros2_ws2/install/sim_env/lib/python3.10/site-packages/sim_env-0.0.0-py3.10.egg-info
[1.724s] running install_scripts
[1.780s] writing list of installed files to '/home/kazuma/ros2_ws2/build/sim_env/install.log'
[1.836s] Invoked command in '/home/kazuma/ros2_ws2/src/sim_env' returned '0': PYTHONPATH=/home/kazuma/ros2_ws2/build/sim_env/prefix_override:/home/kazuma/ros2_ws2/install/sim_env/lib/python3.10/site-packages:${PYTHONPATH} /usr/bin/python3 setup.py egg_info --egg-base ../../build/sim_env build --build-base /home/kazuma/ros2_ws2/build/sim_env/build install --record /home/kazuma/ros2_ws2/build/sim_env/install.log --single-version-externally-managed
