[0.016s] Invoking command in '/home/kazuma/ros2_ws2/build/local': CMAKE_PREFIX_PATH=/home/kazuma/ros2_ws3/install/hello:/home/kazuma/ros2_ws2/install/ros2_loc:/home/kazuma/ros2_ws2/install/hello:/opt/ros/humble /usr/bin/cmake /home/kazuma/ros2_ws2/src/local -DAMENT_CMAKE_SYMLINK_INSTALL=1 -DCMAKE_INSTALL_PREFIX=/home/kazuma/ros2_ws2/install/local
[0.072s] -- The C compiler identification is GNU 11.3.0
[0.129s] -- The CXX compiler identification is GNU 11.3.0
[0.135s] -- Detecting C compiler ABI info
[0.197s] -- Detecting C compiler ABI info - done
[0.206s] -- Check for working C compiler: /usr/bin/cc - skipped
[0.206s] -- Detecting C compile features
[0.206s] -- Detecting C compile features - done
[0.211s] -- Detecting CXX compiler ABI info
[0.285s] -- Detecting CXX compiler ABI info - done
[0.292s] -- Check for working CXX compiler: /usr/bin/c++ - skipped
[0.293s] -- Detecting CXX compile features
[0.293s] -- Detecting CXX compile features - done
[0.295s] -- Found ament_cmake: 1.3.2 (/opt/ros/humble/share/ament_cmake/cmake)
[1.004s] -- Found Python3: /usr/bin/python3.10 (found version "3.10.6") found components: Interpreter 
[1.071s] -- Override CMake install command with custom implementation using symlinks instead of copying resources
[1.094s] -- Found ament_lint_auto: 0.12.4 (/opt/ros/humble/share/ament_lint_auto/cmake)
[1.173s] -- Added test 'flake8' to check Python code syntax and style conventions
[1.173s] -- Added test 'lint_cmake' to check CMake code style
[1.174s] -- Added test 'pep257' to check Python code against some of the docstring style conventions in PEP 257
[1.175s] -- Added test 'xmllint' to check XML markup files
[1.176s] -- Configuring done
[1.179s] -- Generating done
[1.180s] -- Build files have been written to: /home/kazuma/ros2_ws2/build/local
[1.185s] Invoked command in '/home/kazuma/ros2_ws2/build/local' returned '0': CMAKE_PREFIX_PATH=/home/kazuma/ros2_ws3/install/hello:/home/kazuma/ros2_ws2/install/ros2_loc:/home/kazuma/ros2_ws2/install/hello:/opt/ros/humble /usr/bin/cmake /home/kazuma/ros2_ws2/src/local -DAMENT_CMAKE_SYMLINK_INSTALL=1 -DCMAKE_INSTALL_PREFIX=/home/kazuma/ros2_ws2/install/local
[1.186s] Invoking command in '/home/kazuma/ros2_ws2/build/local': CMAKE_PREFIX_PATH=/home/kazuma/ros2_ws3/install/hello:/home/kazuma/ros2_ws2/install/ros2_loc:/home/kazuma/ros2_ws2/install/hello:/opt/ros/humble /usr/bin/cmake --build /home/kazuma/ros2_ws2/build/local -- -j8 -l8
[1.223s] Invoked command in '/home/kazuma/ros2_ws2/build/local' returned '0': CMAKE_PREFIX_PATH=/home/kazuma/ros2_ws3/install/hello:/home/kazuma/ros2_ws2/install/ros2_loc:/home/kazuma/ros2_ws2/install/hello:/opt/ros/humble /usr/bin/cmake --build /home/kazuma/ros2_ws2/build/local -- -j8 -l8
[1.252s] Invoking command in '/home/kazuma/ros2_ws2/build/local': CMAKE_PREFIX_PATH=/home/kazuma/ros2_ws3/install/hello:/home/kazuma/ros2_ws2/install/ros2_loc:/home/kazuma/ros2_ws2/install/hello:/opt/ros/humble /usr/bin/cmake --install /home/kazuma/ros2_ws2/build/local
[1.258s] -- Install configuration: ""
[1.259s] -- Execute custom install script
[1.260s] -- Symlinking: /home/kazuma/ros2_ws2/install/local/share/local/launch/rviz2.launch.py
[1.268s] -- Symlinking: /home/kazuma/ros2_ws2/install/local/share/ament_index/resource_index/package_run_dependencies/local
[1.277s] -- Symlinking: /home/kazuma/ros2_ws2/install/local/share/ament_index/resource_index/parent_prefix_path/local
[1.285s] -- Symlinking: /home/kazuma/ros2_ws2/install/local/share/local/environment/ament_prefix_path.sh
[1.293s] -- Symlinking: /home/kazuma/ros2_ws2/install/local/share/local/environment/ament_prefix_path.dsv
[1.302s] -- Symlinking: /home/kazuma/ros2_ws2/install/local/share/local/environment/path.sh
[1.311s] -- Symlinking: /home/kazuma/ros2_ws2/install/local/share/local/environment/path.dsv
[1.319s] -- Symlinking: /home/kazuma/ros2_ws2/install/local/share/local/local_setup.bash
[1.328s] -- Symlinking: /home/kazuma/ros2_ws2/install/local/share/local/local_setup.sh
[1.336s] -- Symlinking: /home/kazuma/ros2_ws2/install/local/share/local/local_setup.zsh
[1.344s] -- Symlinking: /home/kazuma/ros2_ws2/install/local/share/local/local_setup.dsv
[1.352s] -- Symlinking: /home/kazuma/ros2_ws2/install/local/share/local/package.dsv
[1.360s] -- Symlinking: /home/kazuma/ros2_ws2/install/local/share/ament_index/resource_index/packages/local
[1.368s] -- Symlinking: /home/kazuma/ros2_ws2/install/local/share/local/cmake/localConfig.cmake
[1.376s] -- Symlinking: /home/kazuma/ros2_ws2/install/local/share/local/cmake/localConfig-version.cmake
[1.384s] -- Symlinking: /home/kazuma/ros2_ws2/install/local/share/local/package.xml
[1.395s] Invoked command in '/home/kazuma/ros2_ws2/build/local' returned '0': CMAKE_PREFIX_PATH=/home/kazuma/ros2_ws3/install/hello:/home/kazuma/ros2_ws2/install/ros2_loc:/home/kazuma/ros2_ws2/install/hello:/opt/ros/humble /usr/bin/cmake --install /home/kazuma/ros2_ws2/build/local
